{"level":"INFO","timestamp":"2024-09-09T15:07:58,969","thread":"main","method":"seng202.team7.App.main", "line":"21","message":"Hello World!"}
{"level":"WARN","timestamp":"2024-09-09T15:07:58,982","thread":"main","method":"seng202.team7.App.main", "line":"22","message":"This is a warning message! Use this log type to 'warn' if something is not quite right"}
{"level":"ERROR","timestamp":"2024-09-09T15:07:58,983","thread":"main","method":"seng202.team7.App.main", "line":"23","message":"An error has occurred, thanks logging for helping find it! (This is a terrible error log message, but is only an example!')"}
{"level":"INFO","timestamp":"2024-09-09T15:07:58,983","thread":"main","method":"seng202.team7.App.main", "line":"24","message":"There are many ways to log!"}
{"level":"INFO","timestamp":"2024-09-09T15:08:03,717","thread":"JavaFX Application Thread","method":"seng202.team7.repository.DatabaseManager.createDatabaseFile", "line":"181","message":"A new database has been created. The driver name is SQLite JDBC"}
{"level":"INFO","timestamp":"2024-09-09T15:10:06,356","thread":"main","method":"seng202.team7.App.main", "line":"21","message":"Hello World!"}
{"level":"WARN","timestamp":"2024-09-09T15:10:06,358","thread":"main","method":"seng202.team7.App.main", "line":"22","message":"This is a warning message! Use this log type to 'warn' if something is not quite right"}
{"level":"ERROR","timestamp":"2024-09-09T15:10:06,358","thread":"main","method":"seng202.team7.App.main", "line":"23","message":"An error has occurred, thanks logging for helping find it! (This is a terrible error log message, but is only an example!')"}
{"level":"INFO","timestamp":"2024-09-09T15:10:06,358","thread":"main","method":"seng202.team7.App.main", "line":"24","message":"There are many ways to log!"}
{"level":"INFO","timestamp":"2024-09-09T15:23:04,651","thread":"main","method":"seng202.team7.App.main", "line":"21","message":"Hello World!"}
{"level":"WARN","timestamp":"2024-09-09T15:23:04,652","thread":"main","method":"seng202.team7.App.main", "line":"22","message":"This is a warning message! Use this log type to 'warn' if something is not quite right"}
{"level":"ERROR","timestamp":"2024-09-09T15:23:04,653","thread":"main","method":"seng202.team7.App.main", "line":"23","message":"An error has occurred, thanks logging for helping find it! (This is a terrible error log message, but is only an example!')"}
{"level":"INFO","timestamp":"2024-09-09T15:23:04,653","thread":"main","method":"seng202.team7.App.main", "line":"24","message":"There are many ways to log!"}
{"level":"ERROR","timestamp":"2024-09-09T15:25:58,608","thread":"main","method":"seng202.team7.repository.WineDAO.add", "line":"76","message":"org.sqlite.SQLiteException: [SQLITE_CONSTRAINT_PRIMARYKEY] A PRIMARY KEY constraint failed (UNIQUE constraint failed: wines.name, wines.winery, wines.vintage)"}
{"level":"ERROR","timestamp":"2024-09-09T15:25:59,600","thread":"main","method":"seng202.team7.repository.WineDAO.add", "line":"76","message":"org.sqlite.SQLiteException: [SQLITE_CONSTRAINT_PRIMARYKEY] A PRIMARY KEY constraint failed (UNIQUE constraint failed: wines.name, wines.winery, wines.vintage)"}
{"level":"ERROR","timestamp":"2024-09-09T15:25:59,628","thread":"main","method":"seng202.team7.repository.WineDAO.add", "line":"76","message":"org.sqlite.SQLiteException: [SQLITE_CONSTRAINT_PRIMARYKEY] A PRIMARY KEY constraint failed (UNIQUE constraint failed: wines.name, wines.winery, wines.vintage)"}
{"level":"INFO","timestamp":"2024-09-09T15:26:18,545","thread":"main","method":"seng202.team7.App.main", "line":"21","message":"Hello World!"}
{"level":"WARN","timestamp":"2024-09-09T15:26:18,547","thread":"main","method":"seng202.team7.App.main", "line":"22","message":"This is a warning message! Use this log type to 'warn' if something is not quite right"}
{"level":"ERROR","timestamp":"2024-09-09T15:26:18,547","thread":"main","method":"seng202.team7.App.main", "line":"23","message":"An error has occurred, thanks logging for helping find it! (This is a terrible error log message, but is only an example!')"}
{"level":"INFO","timestamp":"2024-09-09T15:26:18,548","thread":"main","method":"seng202.team7.App.main", "line":"24","message":"There are many ways to log!"}
{"level":"ERROR","timestamp":"2024-09-09T15:29:46,146","thread":"main","method":"seng202.team7.repository.WineDAO.add", "line":"76","message":"org.sqlite.SQLiteException: [SQLITE_CONSTRAINT_PRIMARYKEY] A PRIMARY KEY constraint failed (UNIQUE constraint failed: wines.name, wines.winery, wines.vintage)"}
{"level":"ERROR","timestamp":"2024-09-09T15:29:46,184","thread":"main","method":"seng202.team7.repository.WineDAO.add", "line":"76","message":"org.sqlite.SQLiteException: [SQLITE_CONSTRAINT_PRIMARYKEY] A PRIMARY KEY constraint failed (UNIQUE constraint failed: wines.name, wines.winery, wines.vintage)"}
{"level":"ERROR","timestamp":"2024-09-09T15:29:46,210","thread":"main","method":"seng202.team7.repository.WineDAO.add", "line":"76","message":"org.sqlite.SQLiteException: [SQLITE_CONSTRAINT_PRIMARYKEY] A PRIMARY KEY constraint failed (UNIQUE constraint failed: wines.name, wines.winery, wines.vintage)"}
{"level":"ERROR","timestamp":"2024-09-09T15:29:46,237","thread":"main","method":"seng202.team7.repository.WineDAO.add", "line":"76","message":"org.sqlite.SQLiteException: [SQLITE_CONSTRAINT_PRIMARYKEY] A PRIMARY KEY constraint failed (UNIQUE constraint failed: wines.name, wines.winery, wines.vintage)"}
{"level":"ERROR","timestamp":"2024-09-09T15:29:46,265","thread":"main","method":"seng202.team7.repository.WineDAO.add", "line":"76","message":"org.sqlite.SQLiteException: [SQLITE_CONSTRAINT_PRIMARYKEY] A PRIMARY KEY constraint failed (UNIQUE constraint failed: wines.name, wines.winery, wines.vintage)"}
{"level":"ERROR","timestamp":"2024-09-09T15:29:46,294","thread":"main","method":"seng202.team7.repository.WineDAO.add", "line":"76","message":"org.sqlite.SQLiteException: [SQLITE_CONSTRAINT_PRIMARYKEY] A PRIMARY KEY constraint failed (UNIQUE constraint failed: wines.name, wines.winery, wines.vintage)"}
{"level":"ERROR","timestamp":"2024-09-09T15:29:46,319","thread":"main","method":"seng202.team7.repository.WineDAO.add", "line":"76","message":"org.sqlite.SQLiteException: [SQLITE_CONSTRAINT_PRIMARYKEY] A PRIMARY KEY constraint failed (UNIQUE constraint failed: wines.name, wines.winery, wines.vintage)"}
{"level":"ERROR","timestamp":"2024-09-09T15:29:46,340","thread":"main","method":"seng202.team7.repository.WineDAO.add", "line":"76","message":"org.sqlite.SQLiteException: [SQLITE_CONSTRAINT_PRIMARYKEY] A PRIMARY KEY constraint failed (UNIQUE constraint failed: wines.name, wines.winery, wines.vintage)"}
{"level":"ERROR","timestamp":"2024-09-09T15:29:46,361","thread":"main","method":"seng202.team7.repository.WineDAO.add", "line":"76","message":"org.sqlite.SQLiteException: [SQLITE_CONSTRAINT_PRIMARYKEY] A PRIMARY KEY constraint failed (UNIQUE constraint failed: wines.name, wines.winery, wines.vintage)"}
{"level":"ERROR","timestamp":"2024-09-09T15:29:46,388","thread":"main","method":"seng202.team7.repository.WineDAO.add", "line":"76","message":"org.sqlite.SQLiteException: [SQLITE_CONSTRAINT_PRIMARYKEY] A PRIMARY KEY constraint failed (UNIQUE constraint failed: wines.name, wines.winery, wines.vintage)"}
{"level":"ERROR","timestamp":"2024-09-09T15:29:46,416","thread":"main","method":"seng202.team7.repository.WineDAO.add", "line":"76","message":"org.sqlite.SQLiteException: [SQLITE_CONSTRAINT_PRIMARYKEY] A PRIMARY KEY constraint failed (UNIQUE constraint failed: wines.name, wines.winery, wines.vintage)"}
{"level":"ERROR","timestamp":"2024-09-09T15:29:46,440","thread":"main","method":"seng202.team7.repository.WineDAO.add", "line":"76","message":"org.sqlite.SQLiteException: [SQLITE_CONSTRAINT_PRIMARYKEY] A PRIMARY KEY constraint failed (UNIQUE constraint failed: wines.name, wines.winery, wines.vintage)"}
{"level":"ERROR","timestamp":"2024-09-09T15:29:46,459","thread":"main","method":"seng202.team7.repository.WineDAO.add", "line":"76","message":"org.sqlite.SQLiteException: [SQLITE_CONSTRAINT_PRIMARYKEY] A PRIMARY KEY constraint failed (UNIQUE constraint failed: wines.name, wines.winery, wines.vintage)"}
{"level":"ERROR","timestamp":"2024-09-09T15:29:46,480","thread":"main","method":"seng202.team7.repository.WineDAO.add", "line":"76","message":"org.sqlite.SQLiteException: [SQLITE_CONSTRAINT_PRIMARYKEY] A PRIMARY KEY constraint failed (UNIQUE constraint failed: wines.name, wines.winery, wines.vintage)"}
{"level":"ERROR","timestamp":"2024-09-09T15:29:46,498","thread":"main","method":"seng202.team7.repository.WineDAO.add", "line":"76","message":"org.sqlite.SQLiteException: [SQLITE_CONSTRAINT_PRIMARYKEY] A PRIMARY KEY constraint failed (UNIQUE constraint failed: wines.name, wines.winery, wines.vintage)"}
{"level":"ERROR","timestamp":"2024-09-09T15:29:46,519","thread":"main","method":"seng202.team7.repository.WineDAO.add", "line":"76","message":"org.sqlite.SQLiteException: [SQLITE_CONSTRAINT_PRIMARYKEY] A PRIMARY KEY constraint failed (UNIQUE constraint failed: wines.name, wines.winery, wines.vintage)"}
{"level":"ERROR","timestamp":"2024-09-09T15:29:46,539","thread":"main","method":"seng202.team7.repository.WineDAO.add", "line":"76","message":"org.sqlite.SQLiteException: [SQLITE_CONSTRAINT_PRIMARYKEY] A PRIMARY KEY constraint failed (UNIQUE constraint failed: wines.name, wines.winery, wines.vintage)"}
{"level":"ERROR","timestamp":"2024-09-09T15:29:46,563","thread":"main","method":"seng202.team7.repository.WineDAO.add", "line":"76","message":"org.sqlite.SQLiteException: [SQLITE_CONSTRAINT_PRIMARYKEY] A PRIMARY KEY constraint failed (UNIQUE constraint failed: wines.name, wines.winery, wines.vintage)"}
{"level":"ERROR","timestamp":"2024-09-09T15:29:46,590","thread":"main","method":"seng202.team7.repository.WineDAO.add", "line":"76","message":"org.sqlite.SQLiteException: [SQLITE_CONSTRAINT_PRIMARYKEY] A PRIMARY KEY constraint failed (UNIQUE constraint failed: wines.name, wines.winery, wines.vintage)"}
{"level":"ERROR","timestamp":"2024-09-09T15:29:46,616","thread":"main","method":"seng202.team7.repository.WineDAO.add", "line":"76","message":"org.sqlite.SQLiteException: [SQLITE_CONSTRAINT_PRIMARYKEY] A PRIMARY KEY constraint failed (UNIQUE constraint failed: wines.name, wines.winery, wines.vintage)"}
{"level":"ERROR","timestamp":"2024-09-09T15:29:46,644","thread":"main","method":"seng202.team7.repository.WineDAO.add", "line":"76","message":"org.sqlite.SQLiteException: [SQLITE_CONSTRAINT_PRIMARYKEY] A PRIMARY KEY constraint failed (UNIQUE constraint failed: wines.name, wines.winery, wines.vintage)"}
{"level":"ERROR","timestamp":"2024-09-09T15:29:46,672","thread":"main","method":"seng202.team7.repository.WineDAO.add", "line":"76","message":"org.sqlite.SQLiteException: [SQLITE_CONSTRAINT_PRIMARYKEY] A PRIMARY KEY constraint failed (UNIQUE constraint failed: wines.name, wines.winery, wines.vintage)"}
{"level":"ERROR","timestamp":"2024-09-09T15:29:46,694","thread":"main","method":"seng202.team7.repository.WineDAO.add", "line":"76","message":"org.sqlite.SQLiteException: [SQLITE_CONSTRAINT_PRIMARYKEY] A PRIMARY KEY constraint failed (UNIQUE constraint failed: wines.name, wines.winery, wines.vintage)"}
{"level":"ERROR","timestamp":"2024-09-09T15:29:46,715","thread":"main","method":"seng202.team7.repository.WineDAO.add", "line":"76","message":"org.sqlite.SQLiteException: [SQLITE_CONSTRAINT_PRIMARYKEY] A PRIMARY KEY constraint failed (UNIQUE constraint failed: wines.name, wines.winery, wines.vintage)"}
{"level":"ERROR","timestamp":"2024-09-09T15:29:46,734","thread":"main","method":"seng202.team7.repository.WineDAO.add", "line":"76","message":"org.sqlite.SQLiteException: [SQLITE_CONSTRAINT_PRIMARYKEY] A PRIMARY KEY constraint failed (UNIQUE constraint failed: wines.name, wines.winery, wines.vintage)"}
{"level":"ERROR","timestamp":"2024-09-09T15:29:46,753","thread":"main","method":"seng202.team7.repository.WineDAO.add", "line":"76","message":"org.sqlite.SQLiteException: [SQLITE_CONSTRAINT_PRIMARYKEY] A PRIMARY KEY constraint failed (UNIQUE constraint failed: wines.name, wines.winery, wines.vintage)"}
{"level":"ERROR","timestamp":"2024-09-09T15:29:46,773","thread":"main","method":"seng202.team7.repository.WineDAO.add", "line":"76","message":"org.sqlite.SQLiteException: [SQLITE_CONSTRAINT_PRIMARYKEY] A PRIMARY KEY constraint failed (UNIQUE constraint failed: wines.name, wines.winery, wines.vintage)"}
{"level":"ERROR","timestamp":"2024-09-09T15:29:46,791","thread":"main","method":"seng202.team7.repository.WineDAO.add", "line":"76","message":"org.sqlite.SQLiteException: [SQLITE_CONSTRAINT_PRIMARYKEY] A PRIMARY KEY constraint failed (UNIQUE constraint failed: wines.name, wines.winery, wines.vintage)"}
{"level":"ERROR","timestamp":"2024-09-09T15:29:46,810","thread":"main","method":"seng202.team7.repository.WineDAO.add", "line":"76","message":"org.sqlite.SQLiteException: [SQLITE_CONSTRAINT_PRIMARYKEY] A PRIMARY KEY constraint failed (UNIQUE constraint failed: wines.name, wines.winery, wines.vintage)"}
{"level":"ERROR","timestamp":"2024-09-09T15:29:46,829","thread":"main","method":"seng202.team7.repository.WineDAO.add", "line":"76","message":"org.sqlite.SQLiteException: [SQLITE_CONSTRAINT_PRIMARYKEY] A PRIMARY KEY constraint failed (UNIQUE constraint failed: wines.name, wines.winery, wines.vintage)"}
{"level":"ERROR","timestamp":"2024-09-09T15:29:46,848","thread":"main","method":"seng202.team7.repository.WineDAO.add", "line":"76","message":"org.sqlite.SQLiteException: [SQLITE_CONSTRAINT_PRIMARYKEY] A PRIMARY KEY constraint failed (UNIQUE constraint failed: wines.name, wines.winery, wines.vintage)"}
{"level":"ERROR","timestamp":"2024-09-09T15:29:46,868","thread":"main","method":"seng202.team7.repository.WineDAO.add", "line":"76","message":"org.sqlite.SQLiteException: [SQLITE_CONSTRAINT_PRIMARYKEY] A PRIMARY KEY constraint failed (UNIQUE constraint failed: wines.name, wines.winery, wines.vintage)"}
{"level":"ERROR","timestamp":"2024-09-09T15:29:46,886","thread":"main","method":"seng202.team7.repository.WineDAO.add", "line":"76","message":"org.sqlite.SQLiteException: [SQLITE_CONSTRAINT_PRIMARYKEY] A PRIMARY KEY constraint failed (UNIQUE constraint failed: wines.name, wines.winery, wines.vintage)"}
{"level":"ERROR","timestamp":"2024-09-09T15:29:46,905","thread":"main","method":"seng202.team7.repository.WineDAO.add", "line":"76","message":"org.sqlite.SQLiteException: [SQLITE_CONSTRAINT_PRIMARYKEY] A PRIMARY KEY constraint failed (UNIQUE constraint failed: wines.name, wines.winery, wines.vintage)"}
{"level":"ERROR","timestamp":"2024-09-09T15:29:46,927","thread":"main","method":"seng202.team7.repository.WineDAO.add", "line":"76","message":"org.sqlite.SQLiteException: [SQLITE_CONSTRAINT_PRIMARYKEY] A PRIMARY KEY constraint failed (UNIQUE constraint failed: wines.name, wines.winery, wines.vintage)"}
{"level":"ERROR","timestamp":"2024-09-09T15:29:46,954","thread":"main","method":"seng202.team7.repository.WineDAO.add", "line":"76","message":"org.sqlite.SQLiteException: [SQLITE_CONSTRAINT_PRIMARYKEY] A PRIMARY KEY constraint failed (UNIQUE constraint failed: wines.name, wines.winery, wines.vintage)"}
{"level":"ERROR","timestamp":"2024-09-09T15:29:46,982","thread":"main","method":"seng202.team7.repository.WineDAO.add", "line":"76","message":"org.sqlite.SQLiteException: [SQLITE_CONSTRAINT_PRIMARYKEY] A PRIMARY KEY constraint failed (UNIQUE constraint failed: wines.name, wines.winery, wines.vintage)"}
{"level":"ERROR","timestamp":"2024-09-09T15:29:47,014","thread":"main","method":"seng202.team7.repository.WineDAO.add", "line":"76","message":"org.sqlite.SQLiteException: [SQLITE_CONSTRAINT_PRIMARYKEY] A PRIMARY KEY constraint failed (UNIQUE constraint failed: wines.name, wines.winery, wines.vintage)"}
{"level":"ERROR","timestamp":"2024-09-09T15:29:47,046","thread":"main","method":"seng202.team7.repository.WineDAO.add", "line":"76","message":"org.sqlite.SQLiteException: [SQLITE_CONSTRAINT_PRIMARYKEY] A PRIMARY KEY constraint failed (UNIQUE constraint failed: wines.name, wines.winery, wines.vintage)"}
{"level":"ERROR","timestamp":"2024-09-09T15:29:47,076","thread":"main","method":"seng202.team7.repository.WineDAO.add", "line":"76","message":"org.sqlite.SQLiteException: [SQLITE_CONSTRAINT_PRIMARYKEY] A PRIMARY KEY constraint failed (UNIQUE constraint failed: wines.name, wines.winery, wines.vintage)"}
{"level":"ERROR","timestamp":"2024-09-09T15:29:47,102","thread":"main","method":"seng202.team7.repository.WineDAO.add", "line":"76","message":"org.sqlite.SQLiteException: [SQLITE_CONSTRAINT_PRIMARYKEY] A PRIMARY KEY constraint failed (UNIQUE constraint failed: wines.name, wines.winery, wines.vintage)"}
{"level":"ERROR","timestamp":"2024-09-09T15:29:47,129","thread":"main","method":"seng202.team7.repository.WineDAO.add", "line":"76","message":"org.sqlite.SQLiteException: [SQLITE_CONSTRAINT_PRIMARYKEY] A PRIMARY KEY constraint failed (UNIQUE constraint failed: wines.name, wines.winery, wines.vintage)"}
{"level":"ERROR","timestamp":"2024-09-09T15:29:47,161","thread":"main","method":"seng202.team7.repository.WineDAO.add", "line":"76","message":"org.sqlite.SQLiteException: [SQLITE_CONSTRAINT_PRIMARYKEY] A PRIMARY KEY constraint failed (UNIQUE constraint failed: wines.name, wines.winery, wines.vintage)"}
{"level":"ERROR","timestamp":"2024-09-09T15:29:47,194","thread":"main","method":"seng202.team7.repository.WineDAO.add", "line":"76","message":"org.sqlite.SQLiteException: [SQLITE_CONSTRAINT_PRIMARYKEY] A PRIMARY KEY constraint failed (UNIQUE constraint failed: wines.name, wines.winery, wines.vintage)"}
{"level":"ERROR","timestamp":"2024-09-09T15:29:47,229","thread":"main","method":"seng202.team7.repository.WineDAO.add", "line":"76","message":"org.sqlite.SQLiteException: [SQLITE_CONSTRAINT_PRIMARYKEY] A PRIMARY KEY constraint failed (UNIQUE constraint failed: wines.name, wines.winery, wines.vintage)"}
{"level":"ERROR","timestamp":"2024-09-09T15:29:47,264","thread":"main","method":"seng202.team7.repository.WineDAO.add", "line":"76","message":"org.sqlite.SQLiteException: [SQLITE_CONSTRAINT_PRIMARYKEY] A PRIMARY KEY constraint failed (UNIQUE constraint failed: wines.name, wines.winery, wines.vintage)"}
{"level":"ERROR","timestamp":"2024-09-09T15:29:47,293","thread":"main","method":"seng202.team7.repository.WineDAO.add", "line":"76","message":"org.sqlite.SQLiteException: [SQLITE_CONSTRAINT_PRIMARYKEY] A PRIMARY KEY constraint failed (UNIQUE constraint failed: wines.name, wines.winery, wines.vintage)"}
{"level":"ERROR","timestamp":"2024-09-09T15:29:47,330","thread":"main","method":"seng202.team7.repository.WineDAO.add", "line":"76","message":"org.sqlite.SQLiteException: [SQLITE_CONSTRAINT_PRIMARYKEY] A PRIMARY KEY constraint failed (UNIQUE constraint failed: wines.name, wines.winery, wines.vintage)"}
{"level":"ERROR","timestamp":"2024-09-09T15:29:47,361","thread":"main","method":"seng202.team7.repository.WineDAO.add", "line":"76","message":"org.sqlite.SQLiteException: [SQLITE_CONSTRAINT_PRIMARYKEY] A PRIMARY KEY constraint failed (UNIQUE constraint failed: wines.name, wines.winery, wines.vintage)"}
{"level":"ERROR","timestamp":"2024-09-09T15:29:47,394","thread":"main","method":"seng202.team7.repository.WineDAO.add", "line":"76","message":"org.sqlite.SQLiteException: [SQLITE_CONSTRAINT_PRIMARYKEY] A PRIMARY KEY constraint failed (UNIQUE constraint failed: wines.name, wines.winery, wines.vintage)"}
{"level":"ERROR","timestamp":"2024-09-09T15:29:47,427","thread":"main","method":"seng202.team7.repository.WineDAO.add", "line":"76","message":"org.sqlite.SQLiteException: [SQLITE_CONSTRAINT_PRIMARYKEY] A PRIMARY KEY constraint failed (UNIQUE constraint failed: wines.name, wines.winery, wines.vintage)"}
{"level":"ERROR","timestamp":"2024-09-09T15:29:47,461","thread":"main","method":"seng202.team7.repository.WineDAO.add", "line":"76","message":"org.sqlite.SQLiteException: [SQLITE_CONSTRAINT_PRIMARYKEY] A PRIMARY KEY constraint failed (UNIQUE constraint failed: wines.name, wines.winery, wines.vintage)"}
{"level":"ERROR","timestamp":"2024-09-09T15:29:47,488","thread":"main","method":"seng202.team7.repository.WineDAO.add", "line":"76","message":"org.sqlite.SQLiteException: [SQLITE_CONSTRAINT_PRIMARYKEY] A PRIMARY KEY constraint failed (UNIQUE constraint failed: wines.name, wines.winery, wines.vintage)"}
{"level":"ERROR","timestamp":"2024-09-09T15:29:47,516","thread":"main","method":"seng202.team7.repository.WineDAO.add", "line":"76","message":"org.sqlite.SQLiteException: [SQLITE_CONSTRAINT_PRIMARYKEY] A PRIMARY KEY constraint failed (UNIQUE constraint failed: wines.name, wines.winery, wines.vintage)"}
{"level":"ERROR","timestamp":"2024-09-09T15:29:47,551","thread":"main","method":"seng202.team7.repository.WineDAO.add", "line":"76","message":"org.sqlite.SQLiteException: [SQLITE_CONSTRAINT_PRIMARYKEY] A PRIMARY KEY constraint failed (UNIQUE constraint failed: wines.name, wines.winery, wines.vintage)"}
{"level":"ERROR","timestamp":"2024-09-09T15:29:47,582","thread":"main","method":"seng202.team7.repository.WineDAO.add", "line":"76","message":"org.sqlite.SQLiteException: [SQLITE_CONSTRAINT_PRIMARYKEY] A PRIMARY KEY constraint failed (UNIQUE constraint failed: wines.name, wines.winery, wines.vintage)"}
{"level":"ERROR","timestamp":"2024-09-09T15:29:47,611","thread":"main","method":"seng202.team7.repository.WineDAO.add", "line":"76","message":"org.sqlite.SQLiteException: [SQLITE_CONSTRAINT_PRIMARYKEY] A PRIMARY KEY constraint failed (UNIQUE constraint failed: wines.name, wines.winery, wines.vintage)"}
{"level":"ERROR","timestamp":"2024-09-09T15:29:47,634","thread":"main","method":"seng202.team7.repository.WineDAO.add", "line":"76","message":"org.sqlite.SQLiteException: [SQLITE_CONSTRAINT_PRIMARYKEY] A PRIMARY KEY constraint failed (UNIQUE constraint failed: wines.name, wines.winery, wines.vintage)"}
{"level":"ERROR","timestamp":"2024-09-09T15:29:47,662","thread":"main","method":"seng202.team7.repository.WineDAO.add", "line":"76","message":"org.sqlite.SQLiteException: [SQLITE_CONSTRAINT_PRIMARYKEY] A PRIMARY KEY constraint failed (UNIQUE constraint failed: wines.name, wines.winery, wines.vintage)"}
{"level":"ERROR","timestamp":"2024-09-09T15:29:47,685","thread":"main","method":"seng202.team7.repository.WineDAO.add", "line":"76","message":"org.sqlite.SQLiteException: [SQLITE_CONSTRAINT_PRIMARYKEY] A PRIMARY KEY constraint failed (UNIQUE constraint failed: wines.name, wines.winery, wines.vintage)"}
{"level":"ERROR","timestamp":"2024-09-09T15:29:47,708","thread":"main","method":"seng202.team7.repository.WineDAO.add", "line":"76","message":"org.sqlite.SQLiteException: [SQLITE_CONSTRAINT_PRIMARYKEY] A PRIMARY KEY constraint failed (UNIQUE constraint failed: wines.name, wines.winery, wines.vintage)"}
{"level":"ERROR","timestamp":"2024-09-09T15:29:47,727","thread":"main","method":"seng202.team7.repository.WineDAO.add", "line":"76","message":"org.sqlite.SQLiteException: [SQLITE_CONSTRAINT_PRIMARYKEY] A PRIMARY KEY constraint failed (UNIQUE constraint failed: wines.name, wines.winery, wines.vintage)"}
{"level":"ERROR","timestamp":"2024-09-09T15:29:47,750","thread":"main","method":"seng202.team7.repository.WineDAO.add", "line":"76","message":"org.sqlite.SQLiteException: [SQLITE_CONSTRAINT_PRIMARYKEY] A PRIMARY KEY constraint failed (UNIQUE constraint failed: wines.name, wines.winery, wines.vintage)"}
{"level":"ERROR","timestamp":"2024-09-09T15:29:47,772","thread":"main","method":"seng202.team7.repository.WineDAO.add", "line":"76","message":"org.sqlite.SQLiteException: [SQLITE_CONSTRAINT_PRIMARYKEY] A PRIMARY KEY constraint failed (UNIQUE constraint failed: wines.name, wines.winery, wines.vintage)"}
{"level":"ERROR","timestamp":"2024-09-09T15:29:47,800","thread":"main","method":"seng202.team7.repository.WineDAO.add", "line":"76","message":"org.sqlite.SQLiteException: [SQLITE_CONSTRAINT_PRIMARYKEY] A PRIMARY KEY constraint failed (UNIQUE constraint failed: wines.name, wines.winery, wines.vintage)"}
{"level":"ERROR","timestamp":"2024-09-09T15:29:47,820","thread":"main","method":"seng202.team7.repository.WineDAO.add", "line":"76","message":"org.sqlite.SQLiteException: [SQLITE_CONSTRAINT_PRIMARYKEY] A PRIMARY KEY constraint failed (UNIQUE constraint failed: wines.name, wines.winery, wines.vintage)"}
{"level":"ERROR","timestamp":"2024-09-09T15:29:47,845","thread":"main","method":"seng202.team7.repository.WineDAO.add", "line":"76","message":"org.sqlite.SQLiteException: [SQLITE_CONSTRAINT_PRIMARYKEY] A PRIMARY KEY constraint failed (UNIQUE constraint failed: wines.name, wines.winery, wines.vintage)"}
{"level":"ERROR","timestamp":"2024-09-09T15:29:47,867","thread":"main","method":"seng202.team7.repository.WineDAO.add", "line":"76","message":"org.sqlite.SQLiteException: [SQLITE_CONSTRAINT_PRIMARYKEY] A PRIMARY KEY constraint failed (UNIQUE constraint failed: wines.name, wines.winery, wines.vintage)"}
{"level":"ERROR","timestamp":"2024-09-09T15:29:47,889","thread":"main","method":"seng202.team7.repository.WineDAO.add", "line":"76","message":"org.sqlite.SQLiteException: [SQLITE_CONSTRAINT_PRIMARYKEY] A PRIMARY KEY constraint failed (UNIQUE constraint failed: wines.name, wines.winery, wines.vintage)"}
{"level":"ERROR","timestamp":"2024-09-09T15:29:47,910","thread":"main","method":"seng202.team7.repository.WineDAO.add", "line":"76","message":"org.sqlite.SQLiteException: [SQLITE_CONSTRAINT_PRIMARYKEY] A PRIMARY KEY constraint failed (UNIQUE constraint failed: wines.name, wines.winery, wines.vintage)"}
{"level":"ERROR","timestamp":"2024-09-09T15:29:47,929","thread":"main","method":"seng202.team7.repository.WineDAO.add", "line":"76","message":"org.sqlite.SQLiteException: [SQLITE_CONSTRAINT_PRIMARYKEY] A PRIMARY KEY constraint failed (UNIQUE constraint failed: wines.name, wines.winery, wines.vintage)"}
{"level":"ERROR","timestamp":"2024-09-09T15:29:47,952","thread":"main","method":"seng202.team7.repository.WineDAO.add", "line":"76","message":"org.sqlite.SQLiteException: [SQLITE_CONSTRAINT_PRIMARYKEY] A PRIMARY KEY constraint failed (UNIQUE constraint failed: wines.name, wines.winery, wines.vintage)"}
{"level":"ERROR","timestamp":"2024-09-09T15:29:47,975","thread":"main","method":"seng202.team7.repository.WineDAO.add", "line":"76","message":"org.sqlite.SQLiteException: [SQLITE_CONSTRAINT_PRIMARYKEY] A PRIMARY KEY constraint failed (UNIQUE constraint failed: wines.name, wines.winery, wines.vintage)"}
{"level":"ERROR","timestamp":"2024-09-09T15:29:48,003","thread":"main","method":"seng202.team7.repository.WineDAO.add", "line":"76","message":"org.sqlite.SQLiteException: [SQLITE_CONSTRAINT_PRIMARYKEY] A PRIMARY KEY constraint failed (UNIQUE constraint failed: wines.name, wines.winery, wines.vintage)"}
{"level":"ERROR","timestamp":"2024-09-09T15:29:48,027","thread":"main","method":"seng202.team7.repository.WineDAO.add", "line":"76","message":"org.sqlite.SQLiteException: [SQLITE_CONSTRAINT_PRIMARYKEY] A PRIMARY KEY constraint failed (UNIQUE constraint failed: wines.name, wines.winery, wines.vintage)"}
{"level":"ERROR","timestamp":"2024-09-09T15:29:48,052","thread":"main","method":"seng202.team7.repository.WineDAO.add", "line":"76","message":"org.sqlite.SQLiteException: [SQLITE_CONSTRAINT_PRIMARYKEY] A PRIMARY KEY constraint failed (UNIQUE constraint failed: wines.name, wines.winery, wines.vintage)"}
{"level":"ERROR","timestamp":"2024-09-09T15:29:48,073","thread":"main","method":"seng202.team7.repository.WineDAO.add", "line":"76","message":"org.sqlite.SQLiteException: [SQLITE_CONSTRAINT_PRIMARYKEY] A PRIMARY KEY constraint failed (UNIQUE constraint failed: wines.name, wines.winery, wines.vintage)"}
{"level":"ERROR","timestamp":"2024-09-09T15:29:48,096","thread":"main","method":"seng202.team7.repository.WineDAO.add", "line":"76","message":"org.sqlite.SQLiteException: [SQLITE_CONSTRAINT_PRIMARYKEY] A PRIMARY KEY constraint failed (UNIQUE constraint failed: wines.name, wines.winery, wines.vintage)"}
{"level":"ERROR","timestamp":"2024-09-09T15:29:48,120","thread":"main","method":"seng202.team7.repository.WineDAO.add", "line":"76","message":"org.sqlite.SQLiteException: [SQLITE_CONSTRAINT_PRIMARYKEY] A PRIMARY KEY constraint failed (UNIQUE constraint failed: wines.name, wines.winery, wines.vintage)"}
{"level":"ERROR","timestamp":"2024-09-09T15:29:48,147","thread":"main","method":"seng202.team7.repository.WineDAO.add", "line":"76","message":"org.sqlite.SQLiteException: [SQLITE_CONSTRAINT_PRIMARYKEY] A PRIMARY KEY constraint failed (UNIQUE constraint failed: wines.name, wines.winery, wines.vintage)"}
{"level":"ERROR","timestamp":"2024-09-09T15:29:48,175","thread":"main","method":"seng202.team7.repository.WineDAO.add", "line":"76","message":"org.sqlite.SQLiteException: [SQLITE_CONSTRAINT_PRIMARYKEY] A PRIMARY KEY constraint failed (UNIQUE constraint failed: wines.name, wines.winery, wines.vintage)"}
{"level":"ERROR","timestamp":"2024-09-09T15:29:48,198","thread":"main","method":"seng202.team7.repository.WineDAO.add", "line":"76","message":"org.sqlite.SQLiteException: [SQLITE_CONSTRAINT_PRIMARYKEY] A PRIMARY KEY constraint failed (UNIQUE constraint failed: wines.name, wines.winery, wines.vintage)"}
{"level":"ERROR","timestamp":"2024-09-09T15:29:48,222","thread":"main","method":"seng202.team7.repository.WineDAO.add", "line":"76","message":"org.sqlite.SQLiteException: [SQLITE_CONSTRAINT_PRIMARYKEY] A PRIMARY KEY constraint failed (UNIQUE constraint failed: wines.name, wines.winery, wines.vintage)"}
{"level":"ERROR","timestamp":"2024-09-09T15:29:48,244","thread":"main","method":"seng202.team7.repository.WineDAO.add", "line":"76","message":"org.sqlite.SQLiteException: [SQLITE_CONSTRAINT_PRIMARYKEY] A PRIMARY KEY constraint failed (UNIQUE constraint failed: wines.name, wines.winery, wines.vintage)"}
{"level":"ERROR","timestamp":"2024-09-09T15:29:48,267","thread":"main","method":"seng202.team7.repository.WineDAO.add", "line":"76","message":"org.sqlite.SQLiteException: [SQLITE_CONSTRAINT_PRIMARYKEY] A PRIMARY KEY constraint failed (UNIQUE constraint failed: wines.name, wines.winery, wines.vintage)"}
{"level":"ERROR","timestamp":"2024-09-09T15:29:48,300","thread":"main","method":"seng202.team7.repository.WineDAO.add", "line":"76","message":"org.sqlite.SQLiteException: [SQLITE_CONSTRAINT_PRIMARYKEY] A PRIMARY KEY constraint failed (UNIQUE constraint failed: wines.name, wines.winery, wines.vintage)"}
{"level":"ERROR","timestamp":"2024-09-09T15:29:48,326","thread":"main","method":"seng202.team7.repository.WineDAO.add", "line":"76","message":"org.sqlite.SQLiteException: [SQLITE_CONSTRAINT_PRIMARYKEY] A PRIMARY KEY constraint failed (UNIQUE constraint failed: wines.name, wines.winery, wines.vintage)"}
{"level":"ERROR","timestamp":"2024-09-09T15:29:48,350","thread":"main","method":"seng202.team7.repository.WineDAO.add", "line":"76","message":"org.sqlite.SQLiteException: [SQLITE_CONSTRAINT_PRIMARYKEY] A PRIMARY KEY constraint failed (UNIQUE constraint failed: wines.name, wines.winery, wines.vintage)"}
{"level":"ERROR","timestamp":"2024-09-09T15:29:48,372","thread":"main","method":"seng202.team7.repository.WineDAO.add", "line":"76","message":"org.sqlite.SQLiteException: [SQLITE_CONSTRAINT_PRIMARYKEY] A PRIMARY KEY constraint failed (UNIQUE constraint failed: wines.name, wines.winery, wines.vintage)"}
{"level":"ERROR","timestamp":"2024-09-09T15:29:48,402","thread":"main","method":"seng202.team7.repository.WineDAO.add", "line":"76","message":"org.sqlite.SQLiteException: [SQLITE_CONSTRAINT_PRIMARYKEY] A PRIMARY KEY constraint failed (UNIQUE constraint failed: wines.name, wines.winery, wines.vintage)"}
{"level":"ERROR","timestamp":"2024-09-09T15:29:48,428","thread":"main","method":"seng202.team7.repository.WineDAO.add", "line":"76","message":"org.sqlite.SQLiteException: [SQLITE_CONSTRAINT_PRIMARYKEY] A PRIMARY KEY constraint failed (UNIQUE constraint failed: wines.name, wines.winery, wines.vintage)"}
{"level":"ERROR","timestamp":"2024-09-09T15:29:48,449","thread":"main","method":"seng202.team7.repository.WineDAO.add", "line":"76","message":"org.sqlite.SQLiteException: [SQLITE_CONSTRAINT_PRIMARYKEY] A PRIMARY KEY constraint failed (UNIQUE constraint failed: wines.name, wines.winery, wines.vintage)"}
{"level":"ERROR","timestamp":"2024-09-09T15:29:48,474","thread":"main","method":"seng202.team7.repository.WineDAO.add", "line":"76","message":"org.sqlite.SQLiteException: [SQLITE_CONSTRAINT_PRIMARYKEY] A PRIMARY KEY constraint failed (UNIQUE constraint failed: wines.name, wines.winery, wines.vintage)"}
{"level":"ERROR","timestamp":"2024-09-09T15:29:48,492","thread":"main","method":"seng202.team7.repository.WineDAO.add", "line":"76","message":"org.sqlite.SQLiteException: [SQLITE_CONSTRAINT_PRIMARYKEY] A PRIMARY KEY constraint failed (UNIQUE constraint failed: wines.name, wines.winery, wines.vintage)"}
{"level":"ERROR","timestamp":"2024-09-09T15:29:48,513","thread":"main","method":"seng202.team7.repository.WineDAO.add", "line":"76","message":"org.sqlite.SQLiteException: [SQLITE_CONSTRAINT_PRIMARYKEY] A PRIMARY KEY constraint failed (UNIQUE constraint failed: wines.name, wines.winery, wines.vintage)"}
{"level":"ERROR","timestamp":"2024-09-09T15:29:48,533","thread":"main","method":"seng202.team7.repository.WineDAO.add", "line":"76","message":"org.sqlite.SQLiteException: [SQLITE_CONSTRAINT_PRIMARYKEY] A PRIMARY KEY constraint failed (UNIQUE constraint failed: wines.name, wines.winery, wines.vintage)"}
{"level":"ERROR","timestamp":"2024-09-09T15:29:48,556","thread":"main","method":"seng202.team7.repository.WineDAO.add", "line":"76","message":"org.sqlite.SQLiteException: [SQLITE_CONSTRAINT_PRIMARYKEY] A PRIMARY KEY constraint failed (UNIQUE constraint failed: wines.name, wines.winery, wines.vintage)"}
{"level":"ERROR","timestamp":"2024-09-09T15:29:48,577","thread":"main","method":"seng202.team7.repository.WineDAO.add", "line":"76","message":"org.sqlite.SQLiteException: [SQLITE_CONSTRAINT_PRIMARYKEY] A PRIMARY KEY constraint failed (UNIQUE constraint failed: wines.name, wines.winery, wines.vintage)"}
{"level":"ERROR","timestamp":"2024-09-09T15:29:48,596","thread":"main","method":"seng202.team7.repository.WineDAO.add", "line":"76","message":"org.sqlite.SQLiteException: [SQLITE_CONSTRAINT_PRIMARYKEY] A PRIMARY KEY constraint failed (UNIQUE constraint failed: wines.name, wines.winery, wines.vintage)"}
{"level":"ERROR","timestamp":"2024-09-09T15:29:48,619","thread":"main","method":"seng202.team7.repository.WineDAO.add", "line":"76","message":"org.sqlite.SQLiteException: [SQLITE_CONSTRAINT_PRIMARYKEY] A PRIMARY KEY constraint failed (UNIQUE constraint failed: wines.name, wines.winery, wines.vintage)"}
{"level":"ERROR","timestamp":"2024-09-09T15:29:48,639","thread":"main","method":"seng202.team7.repository.WineDAO.add", "line":"76","message":"org.sqlite.SQLiteException: [SQLITE_CONSTRAINT_PRIMARYKEY] A PRIMARY KEY constraint failed (UNIQUE constraint failed: wines.name, wines.winery, wines.vintage)"}
{"level":"ERROR","timestamp":"2024-09-09T15:29:48,712","thread":"main","method":"seng202.team7.repository.WineDAO.add", "line":"76","message":"org.sqlite.SQLiteException: [SQLITE_CONSTRAINT_PRIMARYKEY] A PRIMARY KEY constraint failed (UNIQUE constraint failed: wines.name, wines.winery, wines.vintage)"}
{"level":"ERROR","timestamp":"2024-09-09T15:29:48,738","thread":"main","method":"seng202.team7.repository.WineDAO.add", "line":"76","message":"org.sqlite.SQLiteException: [SQLITE_CONSTRAINT_PRIMARYKEY] A PRIMARY KEY constraint failed (UNIQUE constraint failed: wines.name, wines.winery, wines.vintage)"}
{"level":"ERROR","timestamp":"2024-09-09T15:29:48,768","thread":"main","method":"seng202.team7.repository.WineDAO.add", "line":"76","message":"org.sqlite.SQLiteException: [SQLITE_CONSTRAINT_PRIMARYKEY] A PRIMARY KEY constraint failed (UNIQUE constraint failed: wines.name, wines.winery, wines.vintage)"}
{"level":"ERROR","timestamp":"2024-09-09T15:29:48,791","thread":"main","method":"seng202.team7.repository.WineDAO.add", "line":"76","message":"org.sqlite.SQLiteException: [SQLITE_CONSTRAINT_PRIMARYKEY] A PRIMARY KEY constraint failed (UNIQUE constraint failed: wines.name, wines.winery, wines.vintage)"}
{"level":"ERROR","timestamp":"2024-09-09T15:29:48,810","thread":"main","method":"seng202.team7.repository.WineDAO.add", "line":"76","message":"org.sqlite.SQLiteException: [SQLITE_CONSTRAINT_PRIMARYKEY] A PRIMARY KEY constraint failed (UNIQUE constraint failed: wines.name, wines.winery, wines.vintage)"}
{"level":"ERROR","timestamp":"2024-09-09T15:29:48,832","thread":"main","method":"seng202.team7.repository.WineDAO.add", "line":"76","message":"org.sqlite.SQLiteException: [SQLITE_CONSTRAINT_PRIMARYKEY] A PRIMARY KEY constraint failed (UNIQUE constraint failed: wines.name, wines.winery, wines.vintage)"}
{"level":"ERROR","timestamp":"2024-09-09T15:29:48,856","thread":"main","method":"seng202.team7.repository.WineDAO.add", "line":"76","message":"org.sqlite.SQLiteException: [SQLITE_CONSTRAINT_PRIMARYKEY] A PRIMARY KEY constraint failed (UNIQUE constraint failed: wines.name, wines.winery, wines.vintage)"}
{"level":"ERROR","timestamp":"2024-09-09T15:29:48,878","thread":"main","method":"seng202.team7.repository.WineDAO.add", "line":"76","message":"org.sqlite.SQLiteException: [SQLITE_CONSTRAINT_PRIMARYKEY] A PRIMARY KEY constraint failed (UNIQUE constraint failed: wines.name, wines.winery, wines.vintage)"}
{"level":"ERROR","timestamp":"2024-09-09T15:29:48,900","thread":"main","method":"seng202.team7.repository.WineDAO.add", "line":"76","message":"org.sqlite.SQLiteException: [SQLITE_CONSTRAINT_PRIMARYKEY] A PRIMARY KEY constraint failed (UNIQUE constraint failed: wines.name, wines.winery, wines.vintage)"}
{"level":"ERROR","timestamp":"2024-09-09T15:29:48,926","thread":"main","method":"seng202.team7.repository.WineDAO.add", "line":"76","message":"org.sqlite.SQLiteException: [SQLITE_CONSTRAINT_PRIMARYKEY] A PRIMARY KEY constraint failed (UNIQUE constraint failed: wines.name, wines.winery, wines.vintage)"}
{"level":"ERROR","timestamp":"2024-09-09T15:29:48,957","thread":"main","method":"seng202.team7.repository.WineDAO.add", "line":"76","message":"org.sqlite.SQLiteException: [SQLITE_CONSTRAINT_PRIMARYKEY] A PRIMARY KEY constraint failed (UNIQUE constraint failed: wines.name, wines.winery, wines.vintage)"}
{"level":"ERROR","timestamp":"2024-09-09T15:29:48,985","thread":"main","method":"seng202.team7.repository.WineDAO.add", "line":"76","message":"org.sqlite.SQLiteException: [SQLITE_CONSTRAINT_PRIMARYKEY] A PRIMARY KEY constraint failed (UNIQUE constraint failed: wines.name, wines.winery, wines.vintage)"}
{"level":"ERROR","timestamp":"2024-09-09T15:29:49,018","thread":"main","method":"seng202.team7.repository.WineDAO.add", "line":"76","message":"org.sqlite.SQLiteException: [SQLITE_CONSTRAINT_PRIMARYKEY] A PRIMARY KEY constraint failed (UNIQUE constraint failed: wines.name, wines.winery, wines.vintage)"}
{"level":"ERROR","timestamp":"2024-09-09T15:29:49,040","thread":"main","method":"seng202.team7.repository.WineDAO.add", "line":"76","message":"org.sqlite.SQLiteException: [SQLITE_CONSTRAINT_PRIMARYKEY] A PRIMARY KEY constraint failed (UNIQUE constraint failed: wines.name, wines.winery, wines.vintage)"}
{"level":"ERROR","timestamp":"2024-09-09T15:29:49,063","thread":"main","method":"seng202.team7.repository.WineDAO.add", "line":"76","message":"org.sqlite.SQLiteException: [SQLITE_CONSTRAINT_PRIMARYKEY] A PRIMARY KEY constraint failed (UNIQUE constraint failed: wines.name, wines.winery, wines.vintage)"}
{"level":"ERROR","timestamp":"2024-09-09T15:29:49,082","thread":"main","method":"seng202.team7.repository.WineDAO.add", "line":"76","message":"org.sqlite.SQLiteException: [SQLITE_CONSTRAINT_PRIMARYKEY] A PRIMARY KEY constraint failed (UNIQUE constraint failed: wines.name, wines.winery, wines.vintage)"}
{"level":"ERROR","timestamp":"2024-09-09T15:29:49,102","thread":"main","method":"seng202.team7.repository.WineDAO.add", "line":"76","message":"org.sqlite.SQLiteException: [SQLITE_CONSTRAINT_PRIMARYKEY] A PRIMARY KEY constraint failed (UNIQUE constraint failed: wines.name, wines.winery, wines.vintage)"}
{"level":"ERROR","timestamp":"2024-09-09T15:29:49,124","thread":"main","method":"seng202.team7.repository.WineDAO.add", "line":"76","message":"org.sqlite.SQLiteException: [SQLITE_CONSTRAINT_PRIMARYKEY] A PRIMARY KEY constraint failed (UNIQUE constraint failed: wines.name, wines.winery, wines.vintage)"}
{"level":"ERROR","timestamp":"2024-09-09T15:29:49,148","thread":"main","method":"seng202.team7.repository.WineDAO.add", "line":"76","message":"org.sqlite.SQLiteException: [SQLITE_CONSTRAINT_PRIMARYKEY] A PRIMARY KEY constraint failed (UNIQUE constraint failed: wines.name, wines.winery, wines.vintage)"}
{"level":"ERROR","timestamp":"2024-09-09T15:29:49,172","thread":"main","method":"seng202.team7.repository.WineDAO.add", "line":"76","message":"org.sqlite.SQLiteException: [SQLITE_CONSTRAINT_PRIMARYKEY] A PRIMARY KEY constraint failed (UNIQUE constraint failed: wines.name, wines.winery, wines.vintage)"}
{"level":"ERROR","timestamp":"2024-09-09T15:29:49,200","thread":"main","method":"seng202.team7.repository.WineDAO.add", "line":"76","message":"org.sqlite.SQLiteException: [SQLITE_CONSTRAINT_PRIMARYKEY] A PRIMARY KEY constraint failed (UNIQUE constraint failed: wines.name, wines.winery, wines.vintage)"}
{"level":"ERROR","timestamp":"2024-09-09T15:29:49,230","thread":"main","method":"seng202.team7.repository.WineDAO.add", "line":"76","message":"org.sqlite.SQLiteException: [SQLITE_CONSTRAINT_PRIMARYKEY] A PRIMARY KEY constraint failed (UNIQUE constraint failed: wines.name, wines.winery, wines.vintage)"}
{"level":"ERROR","timestamp":"2024-09-09T15:29:49,253","thread":"main","method":"seng202.team7.repository.WineDAO.add", "line":"76","message":"org.sqlite.SQLiteException: [SQLITE_CONSTRAINT_PRIMARYKEY] A PRIMARY KEY constraint failed (UNIQUE constraint failed: wines.name, wines.winery, wines.vintage)"}
{"level":"ERROR","timestamp":"2024-09-09T15:29:49,274","thread":"main","method":"seng202.team7.repository.WineDAO.add", "line":"76","message":"org.sqlite.SQLiteException: [SQLITE_CONSTRAINT_PRIMARYKEY] A PRIMARY KEY constraint failed (UNIQUE constraint failed: wines.name, wines.winery, wines.vintage)"}
{"level":"ERROR","timestamp":"2024-09-09T15:29:49,294","thread":"main","method":"seng202.team7.repository.WineDAO.add", "line":"76","message":"org.sqlite.SQLiteException: [SQLITE_CONSTRAINT_PRIMARYKEY] A PRIMARY KEY constraint failed (UNIQUE constraint failed: wines.name, wines.winery, wines.vintage)"}
{"level":"ERROR","timestamp":"2024-09-09T15:29:49,315","thread":"main","method":"seng202.team7.repository.WineDAO.add", "line":"76","message":"org.sqlite.SQLiteException: [SQLITE_CONSTRAINT_PRIMARYKEY] A PRIMARY KEY constraint failed (UNIQUE constraint failed: wines.name, wines.winery, wines.vintage)"}
{"level":"ERROR","timestamp":"2024-09-09T15:29:49,336","thread":"main","method":"seng202.team7.repository.WineDAO.add", "line":"76","message":"org.sqlite.SQLiteException: [SQLITE_CONSTRAINT_PRIMARYKEY] A PRIMARY KEY constraint failed (UNIQUE constraint failed: wines.name, wines.winery, wines.vintage)"}
{"level":"ERROR","timestamp":"2024-09-09T15:29:49,363","thread":"main","method":"seng202.team7.repository.WineDAO.add", "line":"76","message":"org.sqlite.SQLiteException: [SQLITE_CONSTRAINT_PRIMARYKEY] A PRIMARY KEY constraint failed (UNIQUE constraint failed: wines.name, wines.winery, wines.vintage)"}
{"level":"ERROR","timestamp":"2024-09-09T15:29:49,387","thread":"main","method":"seng202.team7.repository.WineDAO.add", "line":"76","message":"org.sqlite.SQLiteException: [SQLITE_CONSTRAINT_PRIMARYKEY] A PRIMARY KEY constraint failed (UNIQUE constraint failed: wines.name, wines.winery, wines.vintage)"}
{"level":"ERROR","timestamp":"2024-09-09T15:29:49,405","thread":"main","method":"seng202.team7.repository.WineDAO.add", "line":"76","message":"org.sqlite.SQLiteException: [SQLITE_CONSTRAINT_PRIMARYKEY] A PRIMARY KEY constraint failed (UNIQUE constraint failed: wines.name, wines.winery, wines.vintage)"}
{"level":"ERROR","timestamp":"2024-09-09T15:29:49,429","thread":"main","method":"seng202.team7.repository.WineDAO.add", "line":"76","message":"org.sqlite.SQLiteException: [SQLITE_CONSTRAINT_PRIMARYKEY] A PRIMARY KEY constraint failed (UNIQUE constraint failed: wines.name, wines.winery, wines.vintage)"}
{"level":"ERROR","timestamp":"2024-09-09T15:29:49,456","thread":"main","method":"seng202.team7.repository.WineDAO.add", "line":"76","message":"org.sqlite.SQLiteException: [SQLITE_CONSTRAINT_PRIMARYKEY] A PRIMARY KEY constraint failed (UNIQUE constraint failed: wines.name, wines.winery, wines.vintage)"}
{"level":"ERROR","timestamp":"2024-09-09T15:29:49,482","thread":"main","method":"seng202.team7.repository.WineDAO.add", "line":"76","message":"org.sqlite.SQLiteException: [SQLITE_CONSTRAINT_PRIMARYKEY] A PRIMARY KEY constraint failed (UNIQUE constraint failed: wines.name, wines.winery, wines.vintage)"}
{"level":"ERROR","timestamp":"2024-09-09T15:29:49,513","thread":"main","method":"seng202.team7.repository.WineDAO.add", "line":"76","message":"org.sqlite.SQLiteException: [SQLITE_CONSTRAINT_PRIMARYKEY] A PRIMARY KEY constraint failed (UNIQUE constraint failed: wines.name, wines.winery, wines.vintage)"}
{"level":"ERROR","timestamp":"2024-09-09T15:29:49,535","thread":"main","method":"seng202.team7.repository.WineDAO.add", "line":"76","message":"org.sqlite.SQLiteException: [SQLITE_CONSTRAINT_PRIMARYKEY] A PRIMARY KEY constraint failed (UNIQUE constraint failed: wines.name, wines.winery, wines.vintage)"}
{"level":"ERROR","timestamp":"2024-09-09T15:29:49,563","thread":"main","method":"seng202.team7.repository.WineDAO.add", "line":"76","message":"org.sqlite.SQLiteException: [SQLITE_CONSTRAINT_PRIMARYKEY] A PRIMARY KEY constraint failed (UNIQUE constraint failed: wines.name, wines.winery, wines.vintage)"}
{"level":"ERROR","timestamp":"2024-09-09T15:29:49,594","thread":"main","method":"seng202.team7.repository.WineDAO.add", "line":"76","message":"org.sqlite.SQLiteException: [SQLITE_CONSTRAINT_PRIMARYKEY] A PRIMARY KEY constraint failed (UNIQUE constraint failed: wines.name, wines.winery, wines.vintage)"}
{"level":"ERROR","timestamp":"2024-09-09T15:29:49,625","thread":"main","method":"seng202.team7.repository.WineDAO.add", "line":"76","message":"org.sqlite.SQLiteException: [SQLITE_CONSTRAINT_PRIMARYKEY] A PRIMARY KEY constraint failed (UNIQUE constraint failed: wines.name, wines.winery, wines.vintage)"}
{"level":"ERROR","timestamp":"2024-09-09T15:29:49,654","thread":"main","method":"seng202.team7.repository.WineDAO.add", "line":"76","message":"org.sqlite.SQLiteException: [SQLITE_CONSTRAINT_PRIMARYKEY] A PRIMARY KEY constraint failed (UNIQUE constraint failed: wines.name, wines.winery, wines.vintage)"}
{"level":"ERROR","timestamp":"2024-09-09T15:29:49,678","thread":"main","method":"seng202.team7.repository.WineDAO.add", "line":"76","message":"org.sqlite.SQLiteException: [SQLITE_CONSTRAINT_PRIMARYKEY] A PRIMARY KEY constraint failed (UNIQUE constraint failed: wines.name, wines.winery, wines.vintage)"}
{"level":"ERROR","timestamp":"2024-09-09T15:29:49,710","thread":"main","method":"seng202.team7.repository.WineDAO.add", "line":"76","message":"org.sqlite.SQLiteException: [SQLITE_CONSTRAINT_PRIMARYKEY] A PRIMARY KEY constraint failed (UNIQUE constraint failed: wines.name, wines.winery, wines.vintage)"}
{"level":"ERROR","timestamp":"2024-09-09T15:29:49,740","thread":"main","method":"seng202.team7.repository.WineDAO.add", "line":"76","message":"org.sqlite.SQLiteException: [SQLITE_CONSTRAINT_PRIMARYKEY] A PRIMARY KEY constraint failed (UNIQUE constraint failed: wines.name, wines.winery, wines.vintage)"}
{"level":"ERROR","timestamp":"2024-09-09T15:29:49,763","thread":"main","method":"seng202.team7.repository.WineDAO.add", "line":"76","message":"org.sqlite.SQLiteException: [SQLITE_CONSTRAINT_PRIMARYKEY] A PRIMARY KEY constraint failed (UNIQUE constraint failed: wines.name, wines.winery, wines.vintage)"}
{"level":"ERROR","timestamp":"2024-09-09T15:29:49,788","thread":"main","method":"seng202.team7.repository.WineDAO.add", "line":"76","message":"org.sqlite.SQLiteException: [SQLITE_CONSTRAINT_PRIMARYKEY] A PRIMARY KEY constraint failed (UNIQUE constraint failed: wines.name, wines.winery, wines.vintage)"}
{"level":"ERROR","timestamp":"2024-09-09T15:29:49,820","thread":"main","method":"seng202.team7.repository.WineDAO.add", "line":"76","message":"org.sqlite.SQLiteException: [SQLITE_CONSTRAINT_PRIMARYKEY] A PRIMARY KEY constraint failed (UNIQUE constraint failed: wines.name, wines.winery, wines.vintage)"}
{"level":"ERROR","timestamp":"2024-09-09T15:29:49,851","thread":"main","method":"seng202.team7.repository.WineDAO.add", "line":"76","message":"org.sqlite.SQLiteException: [SQLITE_CONSTRAINT_PRIMARYKEY] A PRIMARY KEY constraint failed (UNIQUE constraint failed: wines.name, wines.winery, wines.vintage)"}
{"level":"ERROR","timestamp":"2024-09-09T15:29:49,882","thread":"main","method":"seng202.team7.repository.WineDAO.add", "line":"76","message":"org.sqlite.SQLiteException: [SQLITE_CONSTRAINT_PRIMARYKEY] A PRIMARY KEY constraint failed (UNIQUE constraint failed: wines.name, wines.winery, wines.vintage)"}
{"level":"ERROR","timestamp":"2024-09-09T15:29:49,905","thread":"main","method":"seng202.team7.repository.WineDAO.add", "line":"76","message":"org.sqlite.SQLiteException: [SQLITE_CONSTRAINT_PRIMARYKEY] A PRIMARY KEY constraint failed (UNIQUE constraint failed: wines.name, wines.winery, wines.vintage)"}
{"level":"ERROR","timestamp":"2024-09-09T15:29:49,932","thread":"main","method":"seng202.team7.repository.WineDAO.add", "line":"76","message":"org.sqlite.SQLiteException: [SQLITE_CONSTRAINT_PRIMARYKEY] A PRIMARY KEY constraint failed (UNIQUE constraint failed: wines.name, wines.winery, wines.vintage)"}
{"level":"ERROR","timestamp":"2024-09-09T15:29:49,961","thread":"main","method":"seng202.team7.repository.WineDAO.add", "line":"76","message":"org.sqlite.SQLiteException: [SQLITE_CONSTRAINT_PRIMARYKEY] A PRIMARY KEY constraint failed (UNIQUE constraint failed: wines.name, wines.winery, wines.vintage)"}
{"level":"ERROR","timestamp":"2024-09-09T15:29:49,997","thread":"main","method":"seng202.team7.repository.WineDAO.add", "line":"76","message":"org.sqlite.SQLiteException: [SQLITE_CONSTRAINT_PRIMARYKEY] A PRIMARY KEY constraint failed (UNIQUE constraint failed: wines.name, wines.winery, wines.vintage)"}
{"level":"ERROR","timestamp":"2024-09-09T15:29:50,024","thread":"main","method":"seng202.team7.repository.WineDAO.add", "line":"76","message":"org.sqlite.SQLiteException: [SQLITE_CONSTRAINT_PRIMARYKEY] A PRIMARY KEY constraint failed (UNIQUE constraint failed: wines.name, wines.winery, wines.vintage)"}
{"level":"ERROR","timestamp":"2024-09-09T15:29:50,053","thread":"main","method":"seng202.team7.repository.WineDAO.add", "line":"76","message":"org.sqlite.SQLiteException: [SQLITE_CONSTRAINT_PRIMARYKEY] A PRIMARY KEY constraint failed (UNIQUE constraint failed: wines.name, wines.winery, wines.vintage)"}
{"level":"ERROR","timestamp":"2024-09-09T15:29:50,087","thread":"main","method":"seng202.team7.repository.WineDAO.add", "line":"76","message":"org.sqlite.SQLiteException: [SQLITE_CONSTRAINT_PRIMARYKEY] A PRIMARY KEY constraint failed (UNIQUE constraint failed: wines.name, wines.winery, wines.vintage)"}
{"level":"ERROR","timestamp":"2024-09-09T15:29:50,120","thread":"main","method":"seng202.team7.repository.WineDAO.add", "line":"76","message":"org.sqlite.SQLiteException: [SQLITE_CONSTRAINT_PRIMARYKEY] A PRIMARY KEY constraint failed (UNIQUE constraint failed: wines.name, wines.winery, wines.vintage)"}
{"level":"ERROR","timestamp":"2024-09-09T15:29:50,152","thread":"main","method":"seng202.team7.repository.WineDAO.add", "line":"76","message":"org.sqlite.SQLiteException: [SQLITE_CONSTRAINT_PRIMARYKEY] A PRIMARY KEY constraint failed (UNIQUE constraint failed: wines.name, wines.winery, wines.vintage)"}
{"level":"ERROR","timestamp":"2024-09-09T15:29:50,176","thread":"main","method":"seng202.team7.repository.WineDAO.add", "line":"76","message":"org.sqlite.SQLiteException: [SQLITE_CONSTRAINT_PRIMARYKEY] A PRIMARY KEY constraint failed (UNIQUE constraint failed: wines.name, wines.winery, wines.vintage)"}
{"level":"ERROR","timestamp":"2024-09-09T15:29:50,207","thread":"main","method":"seng202.team7.repository.WineDAO.add", "line":"76","message":"org.sqlite.SQLiteException: [SQLITE_CONSTRAINT_PRIMARYKEY] A PRIMARY KEY constraint failed (UNIQUE constraint failed: wines.name, wines.winery, wines.vintage)"}
{"level":"ERROR","timestamp":"2024-09-09T15:29:50,246","thread":"main","method":"seng202.team7.repository.WineDAO.add", "line":"76","message":"org.sqlite.SQLiteException: [SQLITE_CONSTRAINT_PRIMARYKEY] A PRIMARY KEY constraint failed (UNIQUE constraint failed: wines.name, wines.winery, wines.vintage)"}
{"level":"ERROR","timestamp":"2024-09-09T15:29:50,272","thread":"main","method":"seng202.team7.repository.WineDAO.add", "line":"76","message":"org.sqlite.SQLiteException: [SQLITE_CONSTRAINT_PRIMARYKEY] A PRIMARY KEY constraint failed (UNIQUE constraint failed: wines.name, wines.winery, wines.vintage)"}
{"level":"ERROR","timestamp":"2024-09-09T15:29:50,306","thread":"main","method":"seng202.team7.repository.WineDAO.add", "line":"76","message":"org.sqlite.SQLiteException: [SQLITE_CONSTRAINT_PRIMARYKEY] A PRIMARY KEY constraint failed (UNIQUE constraint failed: wines.name, wines.winery, wines.vintage)"}
{"level":"ERROR","timestamp":"2024-09-09T15:29:50,339","thread":"main","method":"seng202.team7.repository.WineDAO.add", "line":"76","message":"org.sqlite.SQLiteException: [SQLITE_CONSTRAINT_PRIMARYKEY] A PRIMARY KEY constraint failed (UNIQUE constraint failed: wines.name, wines.winery, wines.vintage)"}
{"level":"ERROR","timestamp":"2024-09-09T15:29:50,362","thread":"main","method":"seng202.team7.repository.WineDAO.add", "line":"76","message":"org.sqlite.SQLiteException: [SQLITE_CONSTRAINT_PRIMARYKEY] A PRIMARY KEY constraint failed (UNIQUE constraint failed: wines.name, wines.winery, wines.vintage)"}
{"level":"ERROR","timestamp":"2024-09-09T15:29:50,392","thread":"main","method":"seng202.team7.repository.WineDAO.add", "line":"76","message":"org.sqlite.SQLiteException: [SQLITE_CONSTRAINT_PRIMARYKEY] A PRIMARY KEY constraint failed (UNIQUE constraint failed: wines.name, wines.winery, wines.vintage)"}
{"level":"ERROR","timestamp":"2024-09-09T15:29:50,418","thread":"main","method":"seng202.team7.repository.WineDAO.add", "line":"76","message":"org.sqlite.SQLiteException: [SQLITE_CONSTRAINT_PRIMARYKEY] A PRIMARY KEY constraint failed (UNIQUE constraint failed: wines.name, wines.winery, wines.vintage)"}
{"level":"ERROR","timestamp":"2024-09-09T15:29:50,446","thread":"main","method":"seng202.team7.repository.WineDAO.add", "line":"76","message":"org.sqlite.SQLiteException: [SQLITE_CONSTRAINT_PRIMARYKEY] A PRIMARY KEY constraint failed (UNIQUE constraint failed: wines.name, wines.winery, wines.vintage)"}
{"level":"ERROR","timestamp":"2024-09-09T15:29:50,480","thread":"main","method":"seng202.team7.repository.WineDAO.add", "line":"76","message":"org.sqlite.SQLiteException: [SQLITE_CONSTRAINT_PRIMARYKEY] A PRIMARY KEY constraint failed (UNIQUE constraint failed: wines.name, wines.winery, wines.vintage)"}
{"level":"ERROR","timestamp":"2024-09-09T15:29:50,512","thread":"main","method":"seng202.team7.repository.WineDAO.add", "line":"76","message":"org.sqlite.SQLiteException: [SQLITE_CONSTRAINT_PRIMARYKEY] A PRIMARY KEY constraint failed (UNIQUE constraint failed: wines.name, wines.winery, wines.vintage)"}
{"level":"ERROR","timestamp":"2024-09-09T15:29:50,547","thread":"main","method":"seng202.team7.repository.WineDAO.add", "line":"76","message":"org.sqlite.SQLiteException: [SQLITE_CONSTRAINT_PRIMARYKEY] A PRIMARY KEY constraint failed (UNIQUE constraint failed: wines.name, wines.winery, wines.vintage)"}
{"level":"ERROR","timestamp":"2024-09-09T15:29:50,584","thread":"main","method":"seng202.team7.repository.WineDAO.add", "line":"76","message":"org.sqlite.SQLiteException: [SQLITE_CONSTRAINT_PRIMARYKEY] A PRIMARY KEY constraint failed (UNIQUE constraint failed: wines.name, wines.winery, wines.vintage)"}
{"level":"ERROR","timestamp":"2024-09-09T15:29:50,619","thread":"main","method":"seng202.team7.repository.WineDAO.add", "line":"76","message":"org.sqlite.SQLiteException: [SQLITE_CONSTRAINT_PRIMARYKEY] A PRIMARY KEY constraint failed (UNIQUE constraint failed: wines.name, wines.winery, wines.vintage)"}
{"level":"ERROR","timestamp":"2024-09-09T15:29:50,646","thread":"main","method":"seng202.team7.repository.WineDAO.add", "line":"76","message":"org.sqlite.SQLiteException: [SQLITE_CONSTRAINT_PRIMARYKEY] A PRIMARY KEY constraint failed (UNIQUE constraint failed: wines.name, wines.winery, wines.vintage)"}
{"level":"ERROR","timestamp":"2024-09-09T15:29:50,668","thread":"main","method":"seng202.team7.repository.WineDAO.add", "line":"76","message":"org.sqlite.SQLiteException: [SQLITE_CONSTRAINT_PRIMARYKEY] A PRIMARY KEY constraint failed (UNIQUE constraint failed: wines.name, wines.winery, wines.vintage)"}
{"level":"ERROR","timestamp":"2024-09-09T15:29:50,689","thread":"main","method":"seng202.team7.repository.WineDAO.add", "line":"76","message":"org.sqlite.SQLiteException: [SQLITE_CONSTRAINT_PRIMARYKEY] A PRIMARY KEY constraint failed (UNIQUE constraint failed: wines.name, wines.winery, wines.vintage)"}
{"level":"ERROR","timestamp":"2024-09-09T15:29:50,710","thread":"main","method":"seng202.team7.repository.WineDAO.add", "line":"76","message":"org.sqlite.SQLiteException: [SQLITE_CONSTRAINT_PRIMARYKEY] A PRIMARY KEY constraint failed (UNIQUE constraint failed: wines.name, wines.winery, wines.vintage)"}
{"level":"ERROR","timestamp":"2024-09-09T15:29:50,731","thread":"main","method":"seng202.team7.repository.WineDAO.add", "line":"76","message":"org.sqlite.SQLiteException: [SQLITE_CONSTRAINT_PRIMARYKEY] A PRIMARY KEY constraint failed (UNIQUE constraint failed: wines.name, wines.winery, wines.vintage)"}
{"level":"ERROR","timestamp":"2024-09-09T15:29:50,755","thread":"main","method":"seng202.team7.repository.WineDAO.add", "line":"76","message":"org.sqlite.SQLiteException: [SQLITE_CONSTRAINT_PRIMARYKEY] A PRIMARY KEY constraint failed (UNIQUE constraint failed: wines.name, wines.winery, wines.vintage)"}
{"level":"ERROR","timestamp":"2024-09-09T15:29:50,784","thread":"main","method":"seng202.team7.repository.WineDAO.add", "line":"76","message":"org.sqlite.SQLiteException: [SQLITE_CONSTRAINT_PRIMARYKEY] A PRIMARY KEY constraint failed (UNIQUE constraint failed: wines.name, wines.winery, wines.vintage)"}
{"level":"ERROR","timestamp":"2024-09-09T15:29:50,805","thread":"main","method":"seng202.team7.repository.WineDAO.add", "line":"76","message":"org.sqlite.SQLiteException: [SQLITE_CONSTRAINT_PRIMARYKEY] A PRIMARY KEY constraint failed (UNIQUE constraint failed: wines.name, wines.winery, wines.vintage)"}
{"level":"ERROR","timestamp":"2024-09-09T15:29:50,831","thread":"main","method":"seng202.team7.repository.WineDAO.add", "line":"76","message":"org.sqlite.SQLiteException: [SQLITE_CONSTRAINT_PRIMARYKEY] A PRIMARY KEY constraint failed (UNIQUE constraint failed: wines.name, wines.winery, wines.vintage)"}
{"level":"ERROR","timestamp":"2024-09-09T15:29:50,855","thread":"main","method":"seng202.team7.repository.WineDAO.add", "line":"76","message":"org.sqlite.SQLiteException: [SQLITE_CONSTRAINT_PRIMARYKEY] A PRIMARY KEY constraint failed (UNIQUE constraint failed: wines.name, wines.winery, wines.vintage)"}
{"level":"ERROR","timestamp":"2024-09-09T15:29:50,877","thread":"main","method":"seng202.team7.repository.WineDAO.add", "line":"76","message":"org.sqlite.SQLiteException: [SQLITE_CONSTRAINT_PRIMARYKEY] A PRIMARY KEY constraint failed (UNIQUE constraint failed: wines.name, wines.winery, wines.vintage)"}
{"level":"ERROR","timestamp":"2024-09-09T15:29:50,900","thread":"main","method":"seng202.team7.repository.WineDAO.add", "line":"76","message":"org.sqlite.SQLiteException: [SQLITE_CONSTRAINT_PRIMARYKEY] A PRIMARY KEY constraint failed (UNIQUE constraint failed: wines.name, wines.winery, wines.vintage)"}
{"level":"ERROR","timestamp":"2024-09-09T15:29:50,921","thread":"main","method":"seng202.team7.repository.WineDAO.add", "line":"76","message":"org.sqlite.SQLiteException: [SQLITE_CONSTRAINT_PRIMARYKEY] A PRIMARY KEY constraint failed (UNIQUE constraint failed: wines.name, wines.winery, wines.vintage)"}
{"level":"ERROR","timestamp":"2024-09-09T15:29:50,949","thread":"main","method":"seng202.team7.repository.WineDAO.add", "line":"76","message":"org.sqlite.SQLiteException: [SQLITE_CONSTRAINT_PRIMARYKEY] A PRIMARY KEY constraint failed (UNIQUE constraint failed: wines.name, wines.winery, wines.vintage)"}
{"level":"ERROR","timestamp":"2024-09-09T15:29:50,971","thread":"main","method":"seng202.team7.repository.WineDAO.add", "line":"76","message":"org.sqlite.SQLiteException: [SQLITE_CONSTRAINT_PRIMARYKEY] A PRIMARY KEY constraint failed (UNIQUE constraint failed: wines.name, wines.winery, wines.vintage)"}
{"level":"ERROR","timestamp":"2024-09-09T15:29:51,000","thread":"main","method":"seng202.team7.repository.WineDAO.add", "line":"76","message":"org.sqlite.SQLiteException: [SQLITE_CONSTRAINT_PRIMARYKEY] A PRIMARY KEY constraint failed (UNIQUE constraint failed: wines.name, wines.winery, wines.vintage)"}
{"level":"ERROR","timestamp":"2024-09-09T15:29:51,026","thread":"main","method":"seng202.team7.repository.WineDAO.add", "line":"76","message":"org.sqlite.SQLiteException: [SQLITE_CONSTRAINT_PRIMARYKEY] A PRIMARY KEY constraint failed (UNIQUE constraint failed: wines.name, wines.winery, wines.vintage)"}
{"level":"ERROR","timestamp":"2024-09-09T15:29:51,058","thread":"main","method":"seng202.team7.repository.WineDAO.add", "line":"76","message":"org.sqlite.SQLiteException: [SQLITE_CONSTRAINT_PRIMARYKEY] A PRIMARY KEY constraint failed (UNIQUE constraint failed: wines.name, wines.winery, wines.vintage)"}
{"level":"ERROR","timestamp":"2024-09-09T15:29:51,089","thread":"main","method":"seng202.team7.repository.WineDAO.add", "line":"76","message":"org.sqlite.SQLiteException: [SQLITE_CONSTRAINT_PRIMARYKEY] A PRIMARY KEY constraint failed (UNIQUE constraint failed: wines.name, wines.winery, wines.vintage)"}
{"level":"ERROR","timestamp":"2024-09-09T15:29:51,117","thread":"main","method":"seng202.team7.repository.WineDAO.add", "line":"76","message":"org.sqlite.SQLiteException: [SQLITE_CONSTRAINT_PRIMARYKEY] A PRIMARY KEY constraint failed (UNIQUE constraint failed: wines.name, wines.winery, wines.vintage)"}
{"level":"ERROR","timestamp":"2024-09-09T15:29:51,149","thread":"main","method":"seng202.team7.repository.WineDAO.add", "line":"76","message":"org.sqlite.SQLiteException: [SQLITE_CONSTRAINT_PRIMARYKEY] A PRIMARY KEY constraint failed (UNIQUE constraint failed: wines.name, wines.winery, wines.vintage)"}
{"level":"ERROR","timestamp":"2024-09-09T15:29:51,172","thread":"main","method":"seng202.team7.repository.WineDAO.add", "line":"76","message":"org.sqlite.SQLiteException: [SQLITE_CONSTRAINT_PRIMARYKEY] A PRIMARY KEY constraint failed (UNIQUE constraint failed: wines.name, wines.winery, wines.vintage)"}
{"level":"ERROR","timestamp":"2024-09-09T15:29:51,192","thread":"main","method":"seng202.team7.repository.WineDAO.add", "line":"76","message":"org.sqlite.SQLiteException: [SQLITE_CONSTRAINT_PRIMARYKEY] A PRIMARY KEY constraint failed (UNIQUE constraint failed: wines.name, wines.winery, wines.vintage)"}
{"level":"ERROR","timestamp":"2024-09-09T15:29:51,212","thread":"main","method":"seng202.team7.repository.WineDAO.add", "line":"76","message":"org.sqlite.SQLiteException: [SQLITE_CONSTRAINT_PRIMARYKEY] A PRIMARY KEY constraint failed (UNIQUE constraint failed: wines.name, wines.winery, wines.vintage)"}
{"level":"ERROR","timestamp":"2024-09-09T15:29:51,235","thread":"main","method":"seng202.team7.repository.WineDAO.add", "line":"76","message":"org.sqlite.SQLiteException: [SQLITE_CONSTRAINT_PRIMARYKEY] A PRIMARY KEY constraint failed (UNIQUE constraint failed: wines.name, wines.winery, wines.vintage)"}
{"level":"ERROR","timestamp":"2024-09-09T15:29:51,260","thread":"main","method":"seng202.team7.repository.WineDAO.add", "line":"76","message":"org.sqlite.SQLiteException: [SQLITE_CONSTRAINT_PRIMARYKEY] A PRIMARY KEY constraint failed (UNIQUE constraint failed: wines.name, wines.winery, wines.vintage)"}
{"level":"ERROR","timestamp":"2024-09-09T15:29:51,285","thread":"main","method":"seng202.team7.repository.WineDAO.add", "line":"76","message":"org.sqlite.SQLiteException: [SQLITE_CONSTRAINT_PRIMARYKEY] A PRIMARY KEY constraint failed (UNIQUE constraint failed: wines.name, wines.winery, wines.vintage)"}
{"level":"ERROR","timestamp":"2024-09-09T15:29:51,314","thread":"main","method":"seng202.team7.repository.WineDAO.add", "line":"76","message":"org.sqlite.SQLiteException: [SQLITE_CONSTRAINT_PRIMARYKEY] A PRIMARY KEY constraint failed (UNIQUE constraint failed: wines.name, wines.winery, wines.vintage)"}
{"level":"ERROR","timestamp":"2024-09-09T15:29:51,346","thread":"main","method":"seng202.team7.repository.WineDAO.add", "line":"76","message":"org.sqlite.SQLiteException: [SQLITE_CONSTRAINT_PRIMARYKEY] A PRIMARY KEY constraint failed (UNIQUE constraint failed: wines.name, wines.winery, wines.vintage)"}
{"level":"ERROR","timestamp":"2024-09-09T15:29:51,371","thread":"main","method":"seng202.team7.repository.WineDAO.add", "line":"76","message":"org.sqlite.SQLiteException: [SQLITE_CONSTRAINT_PRIMARYKEY] A PRIMARY KEY constraint failed (UNIQUE constraint failed: wines.name, wines.winery, wines.vintage)"}
{"level":"ERROR","timestamp":"2024-09-09T15:29:51,394","thread":"main","method":"seng202.team7.repository.WineDAO.add", "line":"76","message":"org.sqlite.SQLiteException: [SQLITE_CONSTRAINT_PRIMARYKEY] A PRIMARY KEY constraint failed (UNIQUE constraint failed: wines.name, wines.winery, wines.vintage)"}
{"level":"ERROR","timestamp":"2024-09-09T15:29:51,414","thread":"main","method":"seng202.team7.repository.WineDAO.add", "line":"76","message":"org.sqlite.SQLiteException: [SQLITE_CONSTRAINT_PRIMARYKEY] A PRIMARY KEY constraint failed (UNIQUE constraint failed: wines.name, wines.winery, wines.vintage)"}
{"level":"ERROR","timestamp":"2024-09-09T15:29:51,434","thread":"main","method":"seng202.team7.repository.WineDAO.add", "line":"76","message":"org.sqlite.SQLiteException: [SQLITE_CONSTRAINT_PRIMARYKEY] A PRIMARY KEY constraint failed (UNIQUE constraint failed: wines.name, wines.winery, wines.vintage)"}
{"level":"ERROR","timestamp":"2024-09-09T15:29:51,458","thread":"main","method":"seng202.team7.repository.WineDAO.add", "line":"76","message":"org.sqlite.SQLiteException: [SQLITE_CONSTRAINT_PRIMARYKEY] A PRIMARY KEY constraint failed (UNIQUE constraint failed: wines.name, wines.winery, wines.vintage)"}
{"level":"ERROR","timestamp":"2024-09-09T15:29:51,482","thread":"main","method":"seng202.team7.repository.WineDAO.add", "line":"76","message":"org.sqlite.SQLiteException: [SQLITE_CONSTRAINT_PRIMARYKEY] A PRIMARY KEY constraint failed (UNIQUE constraint failed: wines.name, wines.winery, wines.vintage)"}
{"level":"ERROR","timestamp":"2024-09-09T15:29:51,505","thread":"main","method":"seng202.team7.repository.WineDAO.add", "line":"76","message":"org.sqlite.SQLiteException: [SQLITE_CONSTRAINT_PRIMARYKEY] A PRIMARY KEY constraint failed (UNIQUE constraint failed: wines.name, wines.winery, wines.vintage)"}
{"level":"ERROR","timestamp":"2024-09-09T15:29:51,529","thread":"main","method":"seng202.team7.repository.WineDAO.add", "line":"76","message":"org.sqlite.SQLiteException: [SQLITE_CONSTRAINT_PRIMARYKEY] A PRIMARY KEY constraint failed (UNIQUE constraint failed: wines.name, wines.winery, wines.vintage)"}
{"level":"ERROR","timestamp":"2024-09-09T15:29:51,552","thread":"main","method":"seng202.team7.repository.WineDAO.add", "line":"76","message":"org.sqlite.SQLiteException: [SQLITE_CONSTRAINT_PRIMARYKEY] A PRIMARY KEY constraint failed (UNIQUE constraint failed: wines.name, wines.winery, wines.vintage)"}
{"level":"ERROR","timestamp":"2024-09-09T15:29:51,580","thread":"main","method":"seng202.team7.repository.WineDAO.add", "line":"76","message":"org.sqlite.SQLiteException: [SQLITE_CONSTRAINT_PRIMARYKEY] A PRIMARY KEY constraint failed (UNIQUE constraint failed: wines.name, wines.winery, wines.vintage)"}
{"level":"ERROR","timestamp":"2024-09-09T15:29:51,610","thread":"main","method":"seng202.team7.repository.WineDAO.add", "line":"76","message":"org.sqlite.SQLiteException: [SQLITE_CONSTRAINT_PRIMARYKEY] A PRIMARY KEY constraint failed (UNIQUE constraint failed: wines.name, wines.winery, wines.vintage)"}
{"level":"ERROR","timestamp":"2024-09-09T15:29:51,637","thread":"main","method":"seng202.team7.repository.WineDAO.add", "line":"76","message":"org.sqlite.SQLiteException: [SQLITE_CONSTRAINT_PRIMARYKEY] A PRIMARY KEY constraint failed (UNIQUE constraint failed: wines.name, wines.winery, wines.vintage)"}
{"level":"ERROR","timestamp":"2024-09-09T15:29:51,668","thread":"main","method":"seng202.team7.repository.WineDAO.add", "line":"76","message":"org.sqlite.SQLiteException: [SQLITE_CONSTRAINT_PRIMARYKEY] A PRIMARY KEY constraint failed (UNIQUE constraint failed: wines.name, wines.winery, wines.vintage)"}
{"level":"ERROR","timestamp":"2024-09-09T15:29:51,694","thread":"main","method":"seng202.team7.repository.WineDAO.add", "line":"76","message":"org.sqlite.SQLiteException: [SQLITE_CONSTRAINT_PRIMARYKEY] A PRIMARY KEY constraint failed (UNIQUE constraint failed: wines.name, wines.winery, wines.vintage)"}
{"level":"ERROR","timestamp":"2024-09-09T15:29:51,728","thread":"main","method":"seng202.team7.repository.WineDAO.add", "line":"76","message":"org.sqlite.SQLiteException: [SQLITE_CONSTRAINT_PRIMARYKEY] A PRIMARY KEY constraint failed (UNIQUE constraint failed: wines.name, wines.winery, wines.vintage)"}
{"level":"ERROR","timestamp":"2024-09-09T15:29:51,759","thread":"main","method":"seng202.team7.repository.WineDAO.add", "line":"76","message":"org.sqlite.SQLiteException: [SQLITE_CONSTRAINT_PRIMARYKEY] A PRIMARY KEY constraint failed (UNIQUE constraint failed: wines.name, wines.winery, wines.vintage)"}
{"level":"ERROR","timestamp":"2024-09-09T15:29:51,794","thread":"main","method":"seng202.team7.repository.WineDAO.add", "line":"76","message":"org.sqlite.SQLiteException: [SQLITE_CONSTRAINT_PRIMARYKEY] A PRIMARY KEY constraint failed (UNIQUE constraint failed: wines.name, wines.winery, wines.vintage)"}
{"level":"ERROR","timestamp":"2024-09-09T15:29:51,829","thread":"main","method":"seng202.team7.repository.WineDAO.add", "line":"76","message":"org.sqlite.SQLiteException: [SQLITE_CONSTRAINT_PRIMARYKEY] A PRIMARY KEY constraint failed (UNIQUE constraint failed: wines.name, wines.winery, wines.vintage)"}
{"level":"ERROR","timestamp":"2024-09-09T15:29:51,856","thread":"main","method":"seng202.team7.repository.WineDAO.add", "line":"76","message":"org.sqlite.SQLiteException: [SQLITE_CONSTRAINT_PRIMARYKEY] A PRIMARY KEY constraint failed (UNIQUE constraint failed: wines.name, wines.winery, wines.vintage)"}
{"level":"ERROR","timestamp":"2024-09-09T15:29:51,891","thread":"main","method":"seng202.team7.repository.WineDAO.add", "line":"76","message":"org.sqlite.SQLiteException: [SQLITE_CONSTRAINT_PRIMARYKEY] A PRIMARY KEY constraint failed (UNIQUE constraint failed: wines.name, wines.winery, wines.vintage)"}
{"level":"ERROR","timestamp":"2024-09-09T15:29:51,927","thread":"main","method":"seng202.team7.repository.WineDAO.add", "line":"76","message":"org.sqlite.SQLiteException: [SQLITE_CONSTRAINT_PRIMARYKEY] A PRIMARY KEY constraint failed (UNIQUE constraint failed: wines.name, wines.winery, wines.vintage)"}
{"level":"ERROR","timestamp":"2024-09-09T15:29:51,963","thread":"main","method":"seng202.team7.repository.WineDAO.add", "line":"76","message":"org.sqlite.SQLiteException: [SQLITE_CONSTRAINT_PRIMARYKEY] A PRIMARY KEY constraint failed (UNIQUE constraint failed: wines.name, wines.winery, wines.vintage)"}
{"level":"ERROR","timestamp":"2024-09-09T15:29:51,991","thread":"main","method":"seng202.team7.repository.WineDAO.add", "line":"76","message":"org.sqlite.SQLiteException: [SQLITE_CONSTRAINT_PRIMARYKEY] A PRIMARY KEY constraint failed (UNIQUE constraint failed: wines.name, wines.winery, wines.vintage)"}
{"level":"ERROR","timestamp":"2024-09-09T15:29:52,015","thread":"main","method":"seng202.team7.repository.WineDAO.add", "line":"76","message":"org.sqlite.SQLiteException: [SQLITE_CONSTRAINT_PRIMARYKEY] A PRIMARY KEY constraint failed (UNIQUE constraint failed: wines.name, wines.winery, wines.vintage)"}
{"level":"ERROR","timestamp":"2024-09-09T15:29:52,042","thread":"main","method":"seng202.team7.repository.WineDAO.add", "line":"76","message":"org.sqlite.SQLiteException: [SQLITE_CONSTRAINT_PRIMARYKEY] A PRIMARY KEY constraint failed (UNIQUE constraint failed: wines.name, wines.winery, wines.vintage)"}
{"level":"ERROR","timestamp":"2024-09-09T15:29:52,069","thread":"main","method":"seng202.team7.repository.WineDAO.add", "line":"76","message":"org.sqlite.SQLiteException: [SQLITE_CONSTRAINT_PRIMARYKEY] A PRIMARY KEY constraint failed (UNIQUE constraint failed: wines.name, wines.winery, wines.vintage)"}
{"level":"ERROR","timestamp":"2024-09-09T15:29:52,094","thread":"main","method":"seng202.team7.repository.WineDAO.add", "line":"76","message":"org.sqlite.SQLiteException: [SQLITE_CONSTRAINT_PRIMARYKEY] A PRIMARY KEY constraint failed (UNIQUE constraint failed: wines.name, wines.winery, wines.vintage)"}
{"level":"ERROR","timestamp":"2024-09-09T15:29:52,123","thread":"main","method":"seng202.team7.repository.WineDAO.add", "line":"76","message":"org.sqlite.SQLiteException: [SQLITE_CONSTRAINT_PRIMARYKEY] A PRIMARY KEY constraint failed (UNIQUE constraint failed: wines.name, wines.winery, wines.vintage)"}
{"level":"ERROR","timestamp":"2024-09-09T15:29:52,151","thread":"main","method":"seng202.team7.repository.WineDAO.add", "line":"76","message":"org.sqlite.SQLiteException: [SQLITE_CONSTRAINT_PRIMARYKEY] A PRIMARY KEY constraint failed (UNIQUE constraint failed: wines.name, wines.winery, wines.vintage)"}
{"level":"ERROR","timestamp":"2024-09-09T15:29:52,194","thread":"main","method":"seng202.team7.repository.WineDAO.add", "line":"76","message":"org.sqlite.SQLiteException: [SQLITE_CONSTRAINT_PRIMARYKEY] A PRIMARY KEY constraint failed (UNIQUE constraint failed: wines.name, wines.winery, wines.vintage)"}
{"level":"ERROR","timestamp":"2024-09-09T15:29:52,221","thread":"main","method":"seng202.team7.repository.WineDAO.add", "line":"76","message":"org.sqlite.SQLiteException: [SQLITE_CONSTRAINT_PRIMARYKEY] A PRIMARY KEY constraint failed (UNIQUE constraint failed: wines.name, wines.winery, wines.vintage)"}
{"level":"ERROR","timestamp":"2024-09-09T15:29:52,247","thread":"main","method":"seng202.team7.repository.WineDAO.add", "line":"76","message":"org.sqlite.SQLiteException: [SQLITE_CONSTRAINT_PRIMARYKEY] A PRIMARY KEY constraint failed (UNIQUE constraint failed: wines.name, wines.winery, wines.vintage)"}
{"level":"ERROR","timestamp":"2024-09-09T15:29:52,278","thread":"main","method":"seng202.team7.repository.WineDAO.add", "line":"76","message":"org.sqlite.SQLiteException: [SQLITE_CONSTRAINT_PRIMARYKEY] A PRIMARY KEY constraint failed (UNIQUE constraint failed: wines.name, wines.winery, wines.vintage)"}
{"level":"ERROR","timestamp":"2024-09-09T15:29:52,303","thread":"main","method":"seng202.team7.repository.WineDAO.add", "line":"76","message":"org.sqlite.SQLiteException: [SQLITE_CONSTRAINT_PRIMARYKEY] A PRIMARY KEY constraint failed (UNIQUE constraint failed: wines.name, wines.winery, wines.vintage)"}
{"level":"ERROR","timestamp":"2024-09-09T15:29:52,330","thread":"main","method":"seng202.team7.repository.WineDAO.add", "line":"76","message":"org.sqlite.SQLiteException: [SQLITE_CONSTRAINT_PRIMARYKEY] A PRIMARY KEY constraint failed (UNIQUE constraint failed: wines.name, wines.winery, wines.vintage)"}
{"level":"ERROR","timestamp":"2024-09-09T15:29:52,355","thread":"main","method":"seng202.team7.repository.WineDAO.add", "line":"76","message":"org.sqlite.SQLiteException: [SQLITE_CONSTRAINT_PRIMARYKEY] A PRIMARY KEY constraint failed (UNIQUE constraint failed: wines.name, wines.winery, wines.vintage)"}
{"level":"ERROR","timestamp":"2024-09-09T15:29:52,391","thread":"main","method":"seng202.team7.repository.WineDAO.add", "line":"76","message":"org.sqlite.SQLiteException: [SQLITE_CONSTRAINT_PRIMARYKEY] A PRIMARY KEY constraint failed (UNIQUE constraint failed: wines.name, wines.winery, wines.vintage)"}
{"level":"ERROR","timestamp":"2024-09-09T15:29:52,432","thread":"main","method":"seng202.team7.repository.WineDAO.add", "line":"76","message":"org.sqlite.SQLiteException: [SQLITE_CONSTRAINT_PRIMARYKEY] A PRIMARY KEY constraint failed (UNIQUE constraint failed: wines.name, wines.winery, wines.vintage)"}
{"level":"ERROR","timestamp":"2024-09-09T15:29:52,470","thread":"main","method":"seng202.team7.repository.WineDAO.add", "line":"76","message":"org.sqlite.SQLiteException: [SQLITE_CONSTRAINT_PRIMARYKEY] A PRIMARY KEY constraint failed (UNIQUE constraint failed: wines.name, wines.winery, wines.vintage)"}
{"level":"ERROR","timestamp":"2024-09-09T15:29:52,507","thread":"main","method":"seng202.team7.repository.WineDAO.add", "line":"76","message":"org.sqlite.SQLiteException: [SQLITE_CONSTRAINT_PRIMARYKEY] A PRIMARY KEY constraint failed (UNIQUE constraint failed: wines.name, wines.winery, wines.vintage)"}
{"level":"ERROR","timestamp":"2024-09-09T15:29:52,537","thread":"main","method":"seng202.team7.repository.WineDAO.add", "line":"76","message":"org.sqlite.SQLiteException: [SQLITE_CONSTRAINT_PRIMARYKEY] A PRIMARY KEY constraint failed (UNIQUE constraint failed: wines.name, wines.winery, wines.vintage)"}
{"level":"ERROR","timestamp":"2024-09-09T15:29:52,568","thread":"main","method":"seng202.team7.repository.WineDAO.add", "line":"76","message":"org.sqlite.SQLiteException: [SQLITE_CONSTRAINT_PRIMARYKEY] A PRIMARY KEY constraint failed (UNIQUE constraint failed: wines.name, wines.winery, wines.vintage)"}
{"level":"ERROR","timestamp":"2024-09-09T15:29:52,592","thread":"main","method":"seng202.team7.repository.WineDAO.add", "line":"76","message":"org.sqlite.SQLiteException: [SQLITE_CONSTRAINT_PRIMARYKEY] A PRIMARY KEY constraint failed (UNIQUE constraint failed: wines.name, wines.winery, wines.vintage)"}
{"level":"ERROR","timestamp":"2024-09-09T15:29:52,618","thread":"main","method":"seng202.team7.repository.WineDAO.add", "line":"76","message":"org.sqlite.SQLiteException: [SQLITE_CONSTRAINT_PRIMARYKEY] A PRIMARY KEY constraint failed (UNIQUE constraint failed: wines.name, wines.winery, wines.vintage)"}
{"level":"ERROR","timestamp":"2024-09-09T15:29:52,654","thread":"main","method":"seng202.team7.repository.WineDAO.add", "line":"76","message":"org.sqlite.SQLiteException: [SQLITE_CONSTRAINT_PRIMARYKEY] A PRIMARY KEY constraint failed (UNIQUE constraint failed: wines.name, wines.winery, wines.vintage)"}
{"level":"ERROR","timestamp":"2024-09-09T15:29:52,695","thread":"main","method":"seng202.team7.repository.WineDAO.add", "line":"76","message":"org.sqlite.SQLiteException: [SQLITE_CONSTRAINT_PRIMARYKEY] A PRIMARY KEY constraint failed (UNIQUE constraint failed: wines.name, wines.winery, wines.vintage)"}
{"level":"ERROR","timestamp":"2024-09-09T15:29:52,733","thread":"main","method":"seng202.team7.repository.WineDAO.add", "line":"76","message":"org.sqlite.SQLiteException: [SQLITE_CONSTRAINT_PRIMARYKEY] A PRIMARY KEY constraint failed (UNIQUE constraint failed: wines.name, wines.winery, wines.vintage)"}
{"level":"ERROR","timestamp":"2024-09-09T15:29:52,759","thread":"main","method":"seng202.team7.repository.WineDAO.add", "line":"76","message":"org.sqlite.SQLiteException: [SQLITE_CONSTRAINT_PRIMARYKEY] A PRIMARY KEY constraint failed (UNIQUE constraint failed: wines.name, wines.winery, wines.vintage)"}
{"level":"ERROR","timestamp":"2024-09-09T15:29:52,787","thread":"main","method":"seng202.team7.repository.WineDAO.add", "line":"76","message":"org.sqlite.SQLiteException: [SQLITE_CONSTRAINT_PRIMARYKEY] A PRIMARY KEY constraint failed (UNIQUE constraint failed: wines.name, wines.winery, wines.vintage)"}
{"level":"ERROR","timestamp":"2024-09-09T15:29:52,813","thread":"main","method":"seng202.team7.repository.WineDAO.add", "line":"76","message":"org.sqlite.SQLiteException: [SQLITE_CONSTRAINT_PRIMARYKEY] A PRIMARY KEY constraint failed (UNIQUE constraint failed: wines.name, wines.winery, wines.vintage)"}
{"level":"ERROR","timestamp":"2024-09-09T15:29:52,846","thread":"main","method":"seng202.team7.repository.WineDAO.add", "line":"76","message":"org.sqlite.SQLiteException: [SQLITE_CONSTRAINT_PRIMARYKEY] A PRIMARY KEY constraint failed (UNIQUE constraint failed: wines.name, wines.winery, wines.vintage)"}
{"level":"ERROR","timestamp":"2024-09-09T15:29:52,878","thread":"main","method":"seng202.team7.repository.WineDAO.add", "line":"76","message":"org.sqlite.SQLiteException: [SQLITE_CONSTRAINT_PRIMARYKEY] A PRIMARY KEY constraint failed (UNIQUE constraint failed: wines.name, wines.winery, wines.vintage)"}
{"level":"ERROR","timestamp":"2024-09-09T15:29:52,906","thread":"main","method":"seng202.team7.repository.WineDAO.add", "line":"76","message":"org.sqlite.SQLiteException: [SQLITE_CONSTRAINT_PRIMARYKEY] A PRIMARY KEY constraint failed (UNIQUE constraint failed: wines.name, wines.winery, wines.vintage)"}
{"level":"ERROR","timestamp":"2024-09-09T15:29:52,937","thread":"main","method":"seng202.team7.repository.WineDAO.add", "line":"76","message":"org.sqlite.SQLiteException: [SQLITE_CONSTRAINT_PRIMARYKEY] A PRIMARY KEY constraint failed (UNIQUE constraint failed: wines.name, wines.winery, wines.vintage)"}
{"level":"ERROR","timestamp":"2024-09-09T15:29:52,970","thread":"main","method":"seng202.team7.repository.WineDAO.add", "line":"76","message":"org.sqlite.SQLiteException: [SQLITE_CONSTRAINT_PRIMARYKEY] A PRIMARY KEY constraint failed (UNIQUE constraint failed: wines.name, wines.winery, wines.vintage)"}
{"level":"ERROR","timestamp":"2024-09-09T15:29:52,998","thread":"main","method":"seng202.team7.repository.WineDAO.add", "line":"76","message":"org.sqlite.SQLiteException: [SQLITE_CONSTRAINT_PRIMARYKEY] A PRIMARY KEY constraint failed (UNIQUE constraint failed: wines.name, wines.winery, wines.vintage)"}
{"level":"ERROR","timestamp":"2024-09-09T15:29:53,025","thread":"main","method":"seng202.team7.repository.WineDAO.add", "line":"76","message":"org.sqlite.SQLiteException: [SQLITE_CONSTRAINT_PRIMARYKEY] A PRIMARY KEY constraint failed (UNIQUE constraint failed: wines.name, wines.winery, wines.vintage)"}
{"level":"ERROR","timestamp":"2024-09-09T15:29:53,054","thread":"main","method":"seng202.team7.repository.WineDAO.add", "line":"76","message":"org.sqlite.SQLiteException: [SQLITE_CONSTRAINT_PRIMARYKEY] A PRIMARY KEY constraint failed (UNIQUE constraint failed: wines.name, wines.winery, wines.vintage)"}
{"level":"ERROR","timestamp":"2024-09-09T15:29:53,075","thread":"main","method":"seng202.team7.repository.WineDAO.add", "line":"76","message":"org.sqlite.SQLiteException: [SQLITE_CONSTRAINT_PRIMARYKEY] A PRIMARY KEY constraint failed (UNIQUE constraint failed: wines.name, wines.winery, wines.vintage)"}
{"level":"ERROR","timestamp":"2024-09-09T15:29:53,095","thread":"main","method":"seng202.team7.repository.WineDAO.add", "line":"76","message":"org.sqlite.SQLiteException: [SQLITE_CONSTRAINT_PRIMARYKEY] A PRIMARY KEY constraint failed (UNIQUE constraint failed: wines.name, wines.winery, wines.vintage)"}
{"level":"ERROR","timestamp":"2024-09-09T15:29:53,120","thread":"main","method":"seng202.team7.repository.WineDAO.add", "line":"76","message":"org.sqlite.SQLiteException: [SQLITE_CONSTRAINT_PRIMARYKEY] A PRIMARY KEY constraint failed (UNIQUE constraint failed: wines.name, wines.winery, wines.vintage)"}
{"level":"ERROR","timestamp":"2024-09-09T15:29:53,149","thread":"main","method":"seng202.team7.repository.WineDAO.add", "line":"76","message":"org.sqlite.SQLiteException: [SQLITE_CONSTRAINT_PRIMARYKEY] A PRIMARY KEY constraint failed (UNIQUE constraint failed: wines.name, wines.winery, wines.vintage)"}
{"level":"ERROR","timestamp":"2024-09-09T15:29:53,180","thread":"main","method":"seng202.team7.repository.WineDAO.add", "line":"76","message":"org.sqlite.SQLiteException: [SQLITE_CONSTRAINT_PRIMARYKEY] A PRIMARY KEY constraint failed (UNIQUE constraint failed: wines.name, wines.winery, wines.vintage)"}
{"level":"ERROR","timestamp":"2024-09-09T15:29:53,213","thread":"main","method":"seng202.team7.repository.WineDAO.add", "line":"76","message":"org.sqlite.SQLiteException: [SQLITE_CONSTRAINT_PRIMARYKEY] A PRIMARY KEY constraint failed (UNIQUE constraint failed: wines.name, wines.winery, wines.vintage)"}
{"level":"ERROR","timestamp":"2024-09-09T15:29:53,242","thread":"main","method":"seng202.team7.repository.WineDAO.add", "line":"76","message":"org.sqlite.SQLiteException: [SQLITE_CONSTRAINT_PRIMARYKEY] A PRIMARY KEY constraint failed (UNIQUE constraint failed: wines.name, wines.winery, wines.vintage)"}
{"level":"ERROR","timestamp":"2024-09-09T15:29:53,269","thread":"main","method":"seng202.team7.repository.WineDAO.add", "line":"76","message":"org.sqlite.SQLiteException: [SQLITE_CONSTRAINT_PRIMARYKEY] A PRIMARY KEY constraint failed (UNIQUE constraint failed: wines.name, wines.winery, wines.vintage)"}
{"level":"ERROR","timestamp":"2024-09-09T15:29:53,292","thread":"main","method":"seng202.team7.repository.WineDAO.add", "line":"76","message":"org.sqlite.SQLiteException: [SQLITE_CONSTRAINT_PRIMARYKEY] A PRIMARY KEY constraint failed (UNIQUE constraint failed: wines.name, wines.winery, wines.vintage)"}
{"level":"ERROR","timestamp":"2024-09-09T15:29:53,313","thread":"main","method":"seng202.team7.repository.WineDAO.add", "line":"76","message":"org.sqlite.SQLiteException: [SQLITE_CONSTRAINT_PRIMARYKEY] A PRIMARY KEY constraint failed (UNIQUE constraint failed: wines.name, wines.winery, wines.vintage)"}
{"level":"ERROR","timestamp":"2024-09-09T15:29:53,341","thread":"main","method":"seng202.team7.repository.WineDAO.add", "line":"76","message":"org.sqlite.SQLiteException: [SQLITE_CONSTRAINT_PRIMARYKEY] A PRIMARY KEY constraint failed (UNIQUE constraint failed: wines.name, wines.winery, wines.vintage)"}
{"level":"ERROR","timestamp":"2024-09-09T15:29:53,370","thread":"main","method":"seng202.team7.repository.WineDAO.add", "line":"76","message":"org.sqlite.SQLiteException: [SQLITE_CONSTRAINT_PRIMARYKEY] A PRIMARY KEY constraint failed (UNIQUE constraint failed: wines.name, wines.winery, wines.vintage)"}
{"level":"ERROR","timestamp":"2024-09-09T15:29:53,406","thread":"main","method":"seng202.team7.repository.WineDAO.add", "line":"76","message":"org.sqlite.SQLiteException: [SQLITE_CONSTRAINT_PRIMARYKEY] A PRIMARY KEY constraint failed (UNIQUE constraint failed: wines.name, wines.winery, wines.vintage)"}
{"level":"ERROR","timestamp":"2024-09-09T15:29:53,436","thread":"main","method":"seng202.team7.repository.WineDAO.add", "line":"76","message":"org.sqlite.SQLiteException: [SQLITE_CONSTRAINT_PRIMARYKEY] A PRIMARY KEY constraint failed (UNIQUE constraint failed: wines.name, wines.winery, wines.vintage)"}
{"level":"ERROR","timestamp":"2024-09-09T15:29:53,468","thread":"main","method":"seng202.team7.repository.WineDAO.add", "line":"76","message":"org.sqlite.SQLiteException: [SQLITE_CONSTRAINT_PRIMARYKEY] A PRIMARY KEY constraint failed (UNIQUE constraint failed: wines.name, wines.winery, wines.vintage)"}
{"level":"ERROR","timestamp":"2024-09-09T15:29:53,502","thread":"main","method":"seng202.team7.repository.WineDAO.add", "line":"76","message":"org.sqlite.SQLiteException: [SQLITE_CONSTRAINT_PRIMARYKEY] A PRIMARY KEY constraint failed (UNIQUE constraint failed: wines.name, wines.winery, wines.vintage)"}
{"level":"ERROR","timestamp":"2024-09-09T15:29:53,531","thread":"main","method":"seng202.team7.repository.WineDAO.add", "line":"76","message":"org.sqlite.SQLiteException: [SQLITE_CONSTRAINT_PRIMARYKEY] A PRIMARY KEY constraint failed (UNIQUE constraint failed: wines.name, wines.winery, wines.vintage)"}
{"level":"ERROR","timestamp":"2024-09-09T15:29:53,558","thread":"main","method":"seng202.team7.repository.WineDAO.add", "line":"76","message":"org.sqlite.SQLiteException: [SQLITE_CONSTRAINT_PRIMARYKEY] A PRIMARY KEY constraint failed (UNIQUE constraint failed: wines.name, wines.winery, wines.vintage)"}
{"level":"ERROR","timestamp":"2024-09-09T15:29:53,581","thread":"main","method":"seng202.team7.repository.WineDAO.add", "line":"76","message":"org.sqlite.SQLiteException: [SQLITE_CONSTRAINT_PRIMARYKEY] A PRIMARY KEY constraint failed (UNIQUE constraint failed: wines.name, wines.winery, wines.vintage)"}
{"level":"ERROR","timestamp":"2024-09-09T15:29:53,605","thread":"main","method":"seng202.team7.repository.WineDAO.add", "line":"76","message":"org.sqlite.SQLiteException: [SQLITE_CONSTRAINT_PRIMARYKEY] A PRIMARY KEY constraint failed (UNIQUE constraint failed: wines.name, wines.winery, wines.vintage)"}
{"level":"ERROR","timestamp":"2024-09-09T15:29:53,632","thread":"main","method":"seng202.team7.repository.WineDAO.add", "line":"76","message":"org.sqlite.SQLiteException: [SQLITE_CONSTRAINT_PRIMARYKEY] A PRIMARY KEY constraint failed (UNIQUE constraint failed: wines.name, wines.winery, wines.vintage)"}
{"level":"ERROR","timestamp":"2024-09-09T15:29:53,661","thread":"main","method":"seng202.team7.repository.WineDAO.add", "line":"76","message":"org.sqlite.SQLiteException: [SQLITE_CONSTRAINT_PRIMARYKEY] A PRIMARY KEY constraint failed (UNIQUE constraint failed: wines.name, wines.winery, wines.vintage)"}
{"level":"ERROR","timestamp":"2024-09-09T15:29:53,694","thread":"main","method":"seng202.team7.repository.WineDAO.add", "line":"76","message":"org.sqlite.SQLiteException: [SQLITE_CONSTRAINT_PRIMARYKEY] A PRIMARY KEY constraint failed (UNIQUE constraint failed: wines.name, wines.winery, wines.vintage)"}
{"level":"ERROR","timestamp":"2024-09-09T15:29:53,719","thread":"main","method":"seng202.team7.repository.WineDAO.add", "line":"76","message":"org.sqlite.SQLiteException: [SQLITE_CONSTRAINT_PRIMARYKEY] A PRIMARY KEY constraint failed (UNIQUE constraint failed: wines.name, wines.winery, wines.vintage)"}
{"level":"ERROR","timestamp":"2024-09-09T15:29:53,745","thread":"main","method":"seng202.team7.repository.WineDAO.add", "line":"76","message":"org.sqlite.SQLiteException: [SQLITE_CONSTRAINT_PRIMARYKEY] A PRIMARY KEY constraint failed (UNIQUE constraint failed: wines.name, wines.winery, wines.vintage)"}
{"level":"ERROR","timestamp":"2024-09-09T15:29:53,771","thread":"main","method":"seng202.team7.repository.WineDAO.add", "line":"76","message":"org.sqlite.SQLiteException: [SQLITE_CONSTRAINT_PRIMARYKEY] A PRIMARY KEY constraint failed (UNIQUE constraint failed: wines.name, wines.winery, wines.vintage)"}
{"level":"ERROR","timestamp":"2024-09-09T15:29:53,798","thread":"main","method":"seng202.team7.repository.WineDAO.add", "line":"76","message":"org.sqlite.SQLiteException: [SQLITE_CONSTRAINT_PRIMARYKEY] A PRIMARY KEY constraint failed (UNIQUE constraint failed: wines.name, wines.winery, wines.vintage)"}
{"level":"ERROR","timestamp":"2024-09-09T15:29:53,826","thread":"main","method":"seng202.team7.repository.WineDAO.add", "line":"76","message":"org.sqlite.SQLiteException: [SQLITE_CONSTRAINT_PRIMARYKEY] A PRIMARY KEY constraint failed (UNIQUE constraint failed: wines.name, wines.winery, wines.vintage)"}
{"level":"ERROR","timestamp":"2024-09-09T15:29:53,853","thread":"main","method":"seng202.team7.repository.WineDAO.add", "line":"76","message":"org.sqlite.SQLiteException: [SQLITE_CONSTRAINT_PRIMARYKEY] A PRIMARY KEY constraint failed (UNIQUE constraint failed: wines.name, wines.winery, wines.vintage)"}
{"level":"ERROR","timestamp":"2024-09-09T15:29:53,879","thread":"main","method":"seng202.team7.repository.WineDAO.add", "line":"76","message":"org.sqlite.SQLiteException: [SQLITE_CONSTRAINT_PRIMARYKEY] A PRIMARY KEY constraint failed (UNIQUE constraint failed: wines.name, wines.winery, wines.vintage)"}
{"level":"ERROR","timestamp":"2024-09-09T15:29:53,903","thread":"main","method":"seng202.team7.repository.WineDAO.add", "line":"76","message":"org.sqlite.SQLiteException: [SQLITE_CONSTRAINT_PRIMARYKEY] A PRIMARY KEY constraint failed (UNIQUE constraint failed: wines.name, wines.winery, wines.vintage)"}
{"level":"ERROR","timestamp":"2024-09-09T15:29:53,926","thread":"main","method":"seng202.team7.repository.WineDAO.add", "line":"76","message":"org.sqlite.SQLiteException: [SQLITE_CONSTRAINT_PRIMARYKEY] A PRIMARY KEY constraint failed (UNIQUE constraint failed: wines.name, wines.winery, wines.vintage)"}
{"level":"ERROR","timestamp":"2024-09-09T15:29:53,952","thread":"main","method":"seng202.team7.repository.WineDAO.add", "line":"76","message":"org.sqlite.SQLiteException: [SQLITE_CONSTRAINT_PRIMARYKEY] A PRIMARY KEY constraint failed (UNIQUE constraint failed: wines.name, wines.winery, wines.vintage)"}
{"level":"ERROR","timestamp":"2024-09-09T15:29:53,978","thread":"main","method":"seng202.team7.repository.WineDAO.add", "line":"76","message":"org.sqlite.SQLiteException: [SQLITE_CONSTRAINT_PRIMARYKEY] A PRIMARY KEY constraint failed (UNIQUE constraint failed: wines.name, wines.winery, wines.vintage)"}
{"level":"ERROR","timestamp":"2024-09-09T15:29:54,002","thread":"main","method":"seng202.team7.repository.WineDAO.add", "line":"76","message":"org.sqlite.SQLiteException: [SQLITE_CONSTRAINT_PRIMARYKEY] A PRIMARY KEY constraint failed (UNIQUE constraint failed: wines.name, wines.winery, wines.vintage)"}
{"level":"ERROR","timestamp":"2024-09-09T15:29:54,022","thread":"main","method":"seng202.team7.repository.WineDAO.add", "line":"76","message":"org.sqlite.SQLiteException: [SQLITE_CONSTRAINT_PRIMARYKEY] A PRIMARY KEY constraint failed (UNIQUE constraint failed: wines.name, wines.winery, wines.vintage)"}
{"level":"ERROR","timestamp":"2024-09-09T15:29:54,048","thread":"main","method":"seng202.team7.repository.WineDAO.add", "line":"76","message":"org.sqlite.SQLiteException: [SQLITE_CONSTRAINT_PRIMARYKEY] A PRIMARY KEY constraint failed (UNIQUE constraint failed: wines.name, wines.winery, wines.vintage)"}
{"level":"ERROR","timestamp":"2024-09-09T15:29:54,085","thread":"main","method":"seng202.team7.repository.WineDAO.add", "line":"76","message":"org.sqlite.SQLiteException: [SQLITE_CONSTRAINT_PRIMARYKEY] A PRIMARY KEY constraint failed (UNIQUE constraint failed: wines.name, wines.winery, wines.vintage)"}
{"level":"ERROR","timestamp":"2024-09-09T15:29:54,117","thread":"main","method":"seng202.team7.repository.WineDAO.add", "line":"76","message":"org.sqlite.SQLiteException: [SQLITE_CONSTRAINT_PRIMARYKEY] A PRIMARY KEY constraint failed (UNIQUE constraint failed: wines.name, wines.winery, wines.vintage)"}
{"level":"ERROR","timestamp":"2024-09-09T15:29:54,148","thread":"main","method":"seng202.team7.repository.WineDAO.add", "line":"76","message":"org.sqlite.SQLiteException: [SQLITE_CONSTRAINT_PRIMARYKEY] A PRIMARY KEY constraint failed (UNIQUE constraint failed: wines.name, wines.winery, wines.vintage)"}
{"level":"ERROR","timestamp":"2024-09-09T15:29:54,173","thread":"main","method":"seng202.team7.repository.WineDAO.add", "line":"76","message":"org.sqlite.SQLiteException: [SQLITE_CONSTRAINT_PRIMARYKEY] A PRIMARY KEY constraint failed (UNIQUE constraint failed: wines.name, wines.winery, wines.vintage)"}
{"level":"ERROR","timestamp":"2024-09-09T15:29:54,199","thread":"main","method":"seng202.team7.repository.WineDAO.add", "line":"76","message":"org.sqlite.SQLiteException: [SQLITE_CONSTRAINT_PRIMARYKEY] A PRIMARY KEY constraint failed (UNIQUE constraint failed: wines.name, wines.winery, wines.vintage)"}
{"level":"ERROR","timestamp":"2024-09-09T15:29:54,219","thread":"main","method":"seng202.team7.repository.WineDAO.add", "line":"76","message":"org.sqlite.SQLiteException: [SQLITE_CONSTRAINT_PRIMARYKEY] A PRIMARY KEY constraint failed (UNIQUE constraint failed: wines.name, wines.winery, wines.vintage)"}
{"level":"ERROR","timestamp":"2024-09-09T15:29:54,243","thread":"main","method":"seng202.team7.repository.WineDAO.add", "line":"76","message":"org.sqlite.SQLiteException: [SQLITE_CONSTRAINT_PRIMARYKEY] A PRIMARY KEY constraint failed (UNIQUE constraint failed: wines.name, wines.winery, wines.vintage)"}
{"level":"ERROR","timestamp":"2024-09-09T15:29:54,265","thread":"main","method":"seng202.team7.repository.WineDAO.add", "line":"76","message":"org.sqlite.SQLiteException: [SQLITE_CONSTRAINT_PRIMARYKEY] A PRIMARY KEY constraint failed (UNIQUE constraint failed: wines.name, wines.winery, wines.vintage)"}
{"level":"ERROR","timestamp":"2024-09-09T15:29:54,286","thread":"main","method":"seng202.team7.repository.WineDAO.add", "line":"76","message":"org.sqlite.SQLiteException: [SQLITE_CONSTRAINT_PRIMARYKEY] A PRIMARY KEY constraint failed (UNIQUE constraint failed: wines.name, wines.winery, wines.vintage)"}
{"level":"ERROR","timestamp":"2024-09-09T15:29:54,307","thread":"main","method":"seng202.team7.repository.WineDAO.add", "line":"76","message":"org.sqlite.SQLiteException: [SQLITE_CONSTRAINT_PRIMARYKEY] A PRIMARY KEY constraint failed (UNIQUE constraint failed: wines.name, wines.winery, wines.vintage)"}
{"level":"ERROR","timestamp":"2024-09-09T15:29:54,331","thread":"main","method":"seng202.team7.repository.WineDAO.add", "line":"76","message":"org.sqlite.SQLiteException: [SQLITE_CONSTRAINT_PRIMARYKEY] A PRIMARY KEY constraint failed (UNIQUE constraint failed: wines.name, wines.winery, wines.vintage)"}
{"level":"ERROR","timestamp":"2024-09-09T15:29:54,353","thread":"main","method":"seng202.team7.repository.WineDAO.add", "line":"76","message":"org.sqlite.SQLiteException: [SQLITE_CONSTRAINT_PRIMARYKEY] A PRIMARY KEY constraint failed (UNIQUE constraint failed: wines.name, wines.winery, wines.vintage)"}
{"level":"ERROR","timestamp":"2024-09-09T15:29:54,375","thread":"main","method":"seng202.team7.repository.WineDAO.add", "line":"76","message":"org.sqlite.SQLiteException: [SQLITE_CONSTRAINT_PRIMARYKEY] A PRIMARY KEY constraint failed (UNIQUE constraint failed: wines.name, wines.winery, wines.vintage)"}
{"level":"ERROR","timestamp":"2024-09-09T15:29:54,394","thread":"main","method":"seng202.team7.repository.WineDAO.add", "line":"76","message":"org.sqlite.SQLiteException: [SQLITE_CONSTRAINT_PRIMARYKEY] A PRIMARY KEY constraint failed (UNIQUE constraint failed: wines.name, wines.winery, wines.vintage)"}
{"level":"ERROR","timestamp":"2024-09-09T15:29:54,417","thread":"main","method":"seng202.team7.repository.WineDAO.add", "line":"76","message":"org.sqlite.SQLiteException: [SQLITE_CONSTRAINT_PRIMARYKEY] A PRIMARY KEY constraint failed (UNIQUE constraint failed: wines.name, wines.winery, wines.vintage)"}
{"level":"INFO","timestamp":"2024-09-09T15:45:34,140","thread":"main","method":"seng202.team7.App.main", "line":"21","message":"Hello World!"}
{"level":"WARN","timestamp":"2024-09-09T15:45:34,141","thread":"main","method":"seng202.team7.App.main", "line":"22","message":"This is a warning message! Use this log type to 'warn' if something is not quite right"}
{"level":"ERROR","timestamp":"2024-09-09T15:45:34,141","thread":"main","method":"seng202.team7.App.main", "line":"23","message":"An error has occurred, thanks logging for helping find it! (This is a terrible error log message, but is only an example!')"}
{"level":"INFO","timestamp":"2024-09-09T15:45:34,141","thread":"main","method":"seng202.team7.App.main", "line":"24","message":"There are many ways to log!"}
